[0.028s] Invoking command in '/workspaces/RosTryOut/build/robot_simulation': /usr/bin/cmake --build /workspaces/RosTryOut/build/robot_simulation -- -j8 -l8
[0.050s] -- Found ament_cmake: 1.3.11 (/opt/ros/humble/share/ament_cmake/cmake)
[0.160s] -- Configuring done
[0.171s] -- Generating done
[0.178s] -- Build files have been written to: /workspaces/RosTryOut/build/robot_simulation
[0.186s] Invoked command in '/workspaces/RosTryOut/build/robot_simulation' returned '0': /usr/bin/cmake --build /workspaces/RosTryOut/build/robot_simulation -- -j8 -l8
[0.188s] Invoking command in '/workspaces/RosTryOut/build/robot_simulation': /usr/bin/cmake --install /workspaces/RosTryOut/build/robot_simulation
[0.191s] -- Install configuration: ""
[0.191s] -- Up-to-date: /workspaces/RosTryOut/install/robot_simulation/share/robot_simulation/launch
[0.191s] -- Up-to-date: /workspaces/RosTryOut/install/robot_simulation/share/robot_simulation/launch/sim_launch.py
[0.192s] -- Up-to-date: /workspaces/RosTryOut/install/robot_simulation/share/ament_index/resource_index/package_run_dependencies/robot_simulation
[0.192s] -- Up-to-date: /workspaces/RosTryOut/install/robot_simulation/share/ament_index/resource_index/parent_prefix_path/robot_simulation
[0.192s] -- Up-to-date: /workspaces/RosTryOut/install/robot_simulation/share/robot_simulation/environment/ament_prefix_path.sh
[0.192s] -- Installing: /workspaces/RosTryOut/install/robot_simulation/share/robot_simulation/environment/ament_prefix_path.dsv
[0.194s] -- Up-to-date: /workspaces/RosTryOut/install/robot_simulation/share/robot_simulation/environment/path.sh
[0.194s] -- Installing: /workspaces/RosTryOut/install/robot_simulation/share/robot_simulation/environment/path.dsv
[0.195s] -- Up-to-date: /workspaces/RosTryOut/install/robot_simulation/share/robot_simulation/local_setup.bash
[0.196s] -- Up-to-date: /workspaces/RosTryOut/install/robot_simulation/share/robot_simulation/local_setup.sh
[0.196s] -- Up-to-date: /workspaces/RosTryOut/install/robot_simulation/share/robot_simulation/local_setup.zsh
[0.196s] -- Installing: /workspaces/RosTryOut/install/robot_simulation/share/robot_simulation/local_setup.dsv
[0.197s] -- Installing: /workspaces/RosTryOut/install/robot_simulation/share/robot_simulation/package.dsv
[0.198s] -- Up-to-date: /workspaces/RosTryOut/install/robot_simulation/share/ament_index/resource_index/packages/robot_simulation
[0.199s] -- Up-to-date: /workspaces/RosTryOut/install/robot_simulation/share/robot_simulation/cmake/robot_simulationConfig.cmake
[0.199s] -- Up-to-date: /workspaces/RosTryOut/install/robot_simulation/share/robot_simulation/cmake/robot_simulationConfig-version.cmake
[0.199s] -- Up-to-date: /workspaces/RosTryOut/install/robot_simulation/share/robot_simulation/package.xml
[0.200s] Invoked command in '/workspaces/RosTryOut/build/robot_simulation' returned '0': /usr/bin/cmake --install /workspaces/RosTryOut/build/robot_simulation
