[0.019s] Invoking command in '/workspaces/RosTryOut/build/voice_command_node': /usr/bin/cmake /workspaces/RosTryOut/src/voice_command_node -DCATKIN_INSTALL_INTO_PREFIX_ROOT=0 -DCMAKE_INSTALL_PREFIX=/workspaces/RosTryOut/install/voice_command_node
[0.159s] -- The C compiler identification is GNU 11.4.0
[0.241s] -- The CXX compiler identification is GNU 11.4.0
[0.249s] -- Detecting C compiler ABI info
[0.330s] -- Detecting C compiler ABI info - done
[0.337s] -- Check for working C compiler: /usr/bin/cc - skipped
[0.339s] -- Detecting C compile features
[0.339s] -- Detecting C compile features - done
[0.344s] -- Detecting CXX compiler ABI info
[0.444s] -- Detecting CXX compiler ABI info - done
[0.460s] -- Check for working CXX compiler: /usr/bin/c++ - skipped
[0.460s] -- Detecting CXX compile features
[0.461s] -- Detecting CXX compile features - done
[0.468s] -- Found ament_cmake: 1.3.11 (/opt/ros/humble/share/ament_cmake/cmake)
[0.541s] -- Found Python3: /usr/bin/python3 (found version "3.10.12") found components: Interpreter 
[0.602s] -- Found rclpy: 3.3.16 (/opt/ros/humble/share/rclpy/cmake)
[0.604s] -- Found std_msgs: 4.8.0 (/opt/ros/humble/share/std_msgs/cmake)
[0.632s] -- Found rosidl_generator_c: 3.1.6 (/opt/ros/humble/share/rosidl_generator_c/cmake)
[0.636s] -- Found rosidl_adapter: 3.1.6 (/opt/ros/humble/share/rosidl_adapter/cmake)
[0.642s] -- Found rosidl_generator_cpp: 3.1.6 (/opt/ros/humble/share/rosidl_generator_cpp/cmake)
[0.654s] -- Using all available rosidl_typesupport_c: rosidl_typesupport_fastrtps_c;rosidl_typesupport_introspection_c
[0.665s] -- Using all available rosidl_typesupport_cpp: rosidl_typesupport_fastrtps_cpp;rosidl_typesupport_introspection_cpp
[0.684s] -- Found geometry_msgs: 4.8.0 (/opt/ros/humble/share/geometry_msgs/cmake)
[0.774s] -- Configuring done
[0.819s] -- Generating done
[0.822s] [33mCMake Warning:
[0.822s]   Manually-specified variables were not used by the project:
[0.823s] 
[0.823s]     CATKIN_INSTALL_INTO_PREFIX_ROOT
[0.824s] 
[0.824s] [0m
[0.832s] -- Build files have been written to: /workspaces/RosTryOut/build/voice_command_node
[0.840s] Invoked command in '/workspaces/RosTryOut/build/voice_command_node' returned '0': /usr/bin/cmake /workspaces/RosTryOut/src/voice_command_node -DCATKIN_INSTALL_INTO_PREFIX_ROOT=0 -DCMAKE_INSTALL_PREFIX=/workspaces/RosTryOut/install/voice_command_node
[0.840s] Invoking command in '/workspaces/RosTryOut/build/voice_command_node': /usr/bin/cmake --build /workspaces/RosTryOut/build/voice_command_node -- -j8 -l8
[0.859s] Invoked command in '/workspaces/RosTryOut/build/voice_command_node' returned '0': /usr/bin/cmake --build /workspaces/RosTryOut/build/voice_command_node -- -j8 -l8
[0.861s] Invoking command in '/workspaces/RosTryOut/build/voice_command_node': /usr/bin/cmake --install /workspaces/RosTryOut/build/voice_command_node
[0.866s] -- Install configuration: ""
[0.866s] -- Installing: /workspaces/RosTryOut/install/voice_command_node/lib/voice_command_node/voice_control.py
[0.868s] -- Installing: /workspaces/RosTryOut/install/voice_command_node/share/ament_index/resource_index/package_run_dependencies/voice_command_node
[0.869s] -- Installing: /workspaces/RosTryOut/install/voice_command_node/share/ament_index/resource_index/parent_prefix_path/voice_command_node
[0.872s] -- Installing: /workspaces/RosTryOut/install/voice_command_node/share/voice_command_node/environment/ament_prefix_path.sh
[0.875s] -- Installing: /workspaces/RosTryOut/install/voice_command_node/share/voice_command_node/environment/ament_prefix_path.dsv
[0.876s] -- Installing: /workspaces/RosTryOut/install/voice_command_node/share/voice_command_node/environment/path.sh
[0.878s] -- Installing: /workspaces/RosTryOut/install/voice_command_node/share/voice_command_node/environment/path.dsv
[0.879s] -- Installing: /workspaces/RosTryOut/install/voice_command_node/share/voice_command_node/local_setup.bash
[0.881s] -- Installing: /workspaces/RosTryOut/install/voice_command_node/share/voice_command_node/local_setup.sh
[0.882s] -- Installing: /workspaces/RosTryOut/install/voice_command_node/share/voice_command_node/local_setup.zsh
[0.885s] -- Installing: /workspaces/RosTryOut/install/voice_command_node/share/voice_command_node/local_setup.dsv
[0.886s] -- Installing: /workspaces/RosTryOut/install/voice_command_node/share/voice_command_node/package.dsv
[0.887s] -- Installing: /workspaces/RosTryOut/install/voice_command_node/share/ament_index/resource_index/packages/voice_command_node
[0.888s] -- Installing: /workspaces/RosTryOut/install/voice_command_node/share/voice_command_node/cmake/voice_command_nodeConfig.cmake
[0.889s] -- Installing: /workspaces/RosTryOut/install/voice_command_node/share/voice_command_node/cmake/voice_command_nodeConfig-version.cmake
[0.890s] -- Installing: /workspaces/RosTryOut/install/voice_command_node/share/voice_command_node/package.xml
