[0.025s] Invoking command in '/workspaces/RosTryOut/build/robot_simulation': /usr/bin/cmake --build /workspaces/RosTryOut/build/robot_simulation -- -j8 -l8
[0.070s] Invoked command in '/workspaces/RosTryOut/build/robot_simulation' returned '0': /usr/bin/cmake --build /workspaces/RosTryOut/build/robot_simulation -- -j8 -l8
[0.077s] Invoking command in '/workspaces/RosTryOut/build/robot_simulation': /usr/bin/cmake --install /workspaces/RosTryOut/build/robot_simulation
[0.082s] -- Install configuration: ""
[0.082s] -- Up-to-date: /workspaces/RosTryOut/install/robot_simulation/share/robot_simulation/launch
[0.082s] -- Up-to-date: /workspaces/RosTryOut/install/robot_simulation/share/robot_simulation/launch/sim_launch.py
[0.083s] -- Up-to-date: /workspaces/RosTryOut/install/robot_simulation/share/robot_simulation/worlds
[0.086s] -- Up-to-date: /workspaces/RosTryOut/install/robot_simulation/share/robot_simulation/worlds/empty.world
[0.087s] -- Up-to-date: /workspaces/RosTryOut/install/robot_simulation/share/ament_index/resource_index/package_run_dependencies/robot_simulation
[0.088s] -- Up-to-date: /workspaces/RosTryOut/install/robot_simulation/share/ament_index/resource_index/parent_prefix_path/robot_simulation
[0.088s] -- Up-to-date: /workspaces/RosTryOut/install/robot_simulation/share/robot_simulation/environment/ament_prefix_path.sh
[0.089s] -- Up-to-date: /workspaces/RosTryOut/install/robot_simulation/share/robot_simulation/environment/ament_prefix_path.dsv
[0.095s] -- Up-to-date: /workspaces/RosTryOut/install/robot_simulation/share/robot_simulation/environment/path.sh
[0.095s] -- Up-to-date: /workspaces/RosTryOut/install/robot_simulation/share/robot_simulation/environment/path.dsv
[0.096s] -- Up-to-date: /workspaces/RosTryOut/install/robot_simulation/share/robot_simulation/local_setup.bash
[0.097s] -- Up-to-date: /workspaces/RosTryOut/install/robot_simulation/share/robot_simulation/local_setup.sh
[0.098s] -- Up-to-date: /workspaces/RosTryOut/install/robot_simulation/share/robot_simulation/local_setup.zsh
[0.099s] -- Up-to-date: /workspaces/RosTryOut/install/robot_simulation/share/robot_simulation/local_setup.dsv
[0.100s] -- Up-to-date: /workspaces/RosTryOut/install/robot_simulation/share/robot_simulation/package.dsv
[0.100s] -- Up-to-date: /workspaces/RosTryOut/install/robot_simulation/share/ament_index/resource_index/packages/robot_simulation
[0.102s] -- Up-to-date: /workspaces/RosTryOut/install/robot_simulation/share/robot_simulation/cmake/robot_simulationConfig.cmake
[0.103s] -- Up-to-date: /workspaces/RosTryOut/install/robot_simulation/share/robot_simulation/cmake/robot_simulationConfig-version.cmake
[0.104s] -- Up-to-date: /workspaces/RosTryOut/install/robot_simulation/share/robot_simulation/package.xml
[0.113s] Invoked command in '/workspaces/RosTryOut/build/robot_simulation' returned '0': /usr/bin/cmake --install /workspaces/RosTryOut/build/robot_simulation
