-- The C compiler identification is GNU 11.4.0
-- The CXX compiler identification is GNU 11.4.0
-- Detecting C compiler ABI info
-- Detecting C compiler ABI info - done
-- Check for working C compiler: /usr/bin/cc - skipped
-- Detecting C compile features
-- Detecting C compile features - done
-- Detecting CXX compiler ABI info
-- Detecting CXX compiler ABI info - done
-- Check for working CXX compiler: /usr/bin/c++ - skipped
-- Detecting CXX compile features
-- Detecting CXX compile features - done
-- Found ament_cmake: 1.3.11 (/opt/ros/humble/share/ament_cmake/cmake)
-- Found Python3: /usr/bin/python3 (found version "3.10.12") found components: Interpreter 
-- Found rclpy: 3.3.16 (/opt/ros/humble/share/rclpy/cmake)
-- Found std_msgs: 4.8.0 (/opt/ros/humble/share/std_msgs/cmake)
-- Found rosidl_generator_c: 3.1.6 (/opt/ros/humble/share/rosidl_generator_c/cmake)
-- Found rosidl_adapter: 3.1.6 (/opt/ros/humble/share/rosidl_adapter/cmake)
-- Found rosidl_generator_cpp: 3.1.6 (/opt/ros/humble/share/rosidl_generator_cpp/cmake)
-- Using all available rosidl_typesupport_c: rosidl_typesupport_fastrtps_c;rosidl_typesupport_introspection_c
-- Using all available rosidl_typesupport_cpp: rosidl_typesupport_fastrtps_cpp;rosidl_typesupport_introspection_cpp
-- Found geometry_msgs: 4.8.0 (/opt/ros/humble/share/geometry_msgs/cmake)
-- Configuring done
-- Generating done
[33mCMake Warning:
  Manually-specified variables were not used by the project:

    CATKIN_INSTALL_INTO_PREFIX_ROOT

[0m
-- Build files have been written to: /workspaces/RosTryOut/src/build/voice_command_node
-- Install configuration: ""
-- Installing: /workspaces/RosTryOut/src/install/voice_command_node/lib/voice_command_node/voice_control.py
-- Installing: /workspaces/RosTryOut/src/install/voice_command_node/share/ament_index/resource_index/package_run_dependencies/voice_command_node
-- Installing: /workspaces/RosTryOut/src/install/voice_command_node/share/ament_index/resource_index/parent_prefix_path/voice_command_node
-- Installing: /workspaces/RosTryOut/src/install/voice_command_node/share/voice_command_node/environment/ament_prefix_path.sh
-- Installing: /workspaces/RosTryOut/src/install/voice_command_node/share/voice_command_node/environment/ament_prefix_path.dsv
-- Installing: /workspaces/RosTryOut/src/install/voice_command_node/share/voice_command_node/environment/path.sh
-- Installing: /workspaces/RosTryOut/src/install/voice_command_node/share/voice_command_node/environment/path.dsv
-- Installing: /workspaces/RosTryOut/src/install/voice_command_node/share/voice_command_node/local_setup.bash
-- Installing: /workspaces/RosTryOut/src/install/voice_command_node/share/voice_command_node/local_setup.sh
-- Installing: /workspaces/RosTryOut/src/install/voice_command_node/share/voice_command_node/local_setup.zsh
-- Installing: /workspaces/RosTryOut/src/install/voice_command_node/share/voice_command_node/local_setup.dsv
-- Installing: /workspaces/RosTryOut/src/install/voice_command_node/share/voice_command_node/package.dsv
-- Installing: /workspaces/RosTryOut/src/install/voice_command_node/share/ament_index/resource_index/packages/voice_command_node
-- Installing: /workspaces/RosTryOut/src/install/voice_command_node/share/voice_command_node/cmake/voice_command_nodeConfig.cmake
-- Installing: /workspaces/RosTryOut/src/install/voice_command_node/share/voice_command_node/cmake/voice_command_nodeConfig-version.cmake
-- Installing: /workspaces/RosTryOut/src/install/voice_command_node/share/voice_command_node/package.xml
