[0.035s] Invoking command in '/workspaces/RosTryOut/src/build/voice_command_node': /usr/bin/cmake /workspaces/RosTryOut/src/voice_command_node -DCATKIN_INSTALL_INTO_PREFIX_ROOT=0 -DCMAKE_INSTALL_PREFIX=/workspaces/RosTryOut/src/install/voice_command_node
[0.135s] -- The C compiler identification is GNU 11.4.0
[0.196s] -- The CXX compiler identification is GNU 11.4.0
[0.205s] -- Detecting C compiler ABI info
[0.300s] -- Detecting C compiler ABI info - done
[0.307s] -- Check for working C compiler: /usr/bin/cc - skipped
[0.307s] -- Detecting C compile features
[0.308s] -- Detecting C compile features - done
[0.312s] -- Detecting CXX compiler ABI info
[0.434s] -- Detecting CXX compiler ABI info - done
[0.441s] -- Check for working CXX compiler: /usr/bin/c++ - skipped
[0.442s] -- Detecting CXX compile features
[0.444s] -- Detecting CXX compile features - done
[0.451s] -- Found ament_cmake: 1.3.11 (/opt/ros/humble/share/ament_cmake/cmake)
[0.529s] -- Found Python3: /usr/bin/python3 (found version "3.10.12") found components: Interpreter 
[0.596s] -- Found rclpy: 3.3.16 (/opt/ros/humble/share/rclpy/cmake)
[0.597s] -- Found std_msgs: 4.8.0 (/opt/ros/humble/share/std_msgs/cmake)
[0.614s] -- Found rosidl_generator_c: 3.1.6 (/opt/ros/humble/share/rosidl_generator_c/cmake)
[0.616s] -- Found rosidl_adapter: 3.1.6 (/opt/ros/humble/share/rosidl_adapter/cmake)
[0.620s] -- Found rosidl_generator_cpp: 3.1.6 (/opt/ros/humble/share/rosidl_generator_cpp/cmake)
[0.625s] -- Using all available rosidl_typesupport_c: rosidl_typesupport_fastrtps_c;rosidl_typesupport_introspection_c
[0.633s] -- Using all available rosidl_typesupport_cpp: rosidl_typesupport_fastrtps_cpp;rosidl_typesupport_introspection_cpp
[0.645s] -- Found geometry_msgs: 4.8.0 (/opt/ros/humble/share/geometry_msgs/cmake)
[0.735s] -- Configuring done
[0.767s] -- Generating done
[0.773s] [33mCMake Warning:
[0.774s]   Manually-specified variables were not used by the project:
[0.774s] 
[0.775s]     CATKIN_INSTALL_INTO_PREFIX_ROOT
[0.776s] 
[0.776s] [0m
[0.792s] -- Build files have been written to: /workspaces/RosTryOut/src/build/voice_command_node
[0.792s] Invoked command in '/workspaces/RosTryOut/src/build/voice_command_node' returned '0': /usr/bin/cmake /workspaces/RosTryOut/src/voice_command_node -DCATKIN_INSTALL_INTO_PREFIX_ROOT=0 -DCMAKE_INSTALL_PREFIX=/workspaces/RosTryOut/src/install/voice_command_node
[0.793s] Invoking command in '/workspaces/RosTryOut/src/build/voice_command_node': /usr/bin/cmake --build /workspaces/RosTryOut/src/build/voice_command_node -- -j8 -l8
[0.842s] Invoked command in '/workspaces/RosTryOut/src/build/voice_command_node' returned '0': /usr/bin/cmake --build /workspaces/RosTryOut/src/build/voice_command_node -- -j8 -l8
[0.843s] Invoking command in '/workspaces/RosTryOut/src/build/voice_command_node': /usr/bin/cmake --install /workspaces/RosTryOut/src/build/voice_command_node
[0.847s] -- Install configuration: ""
[0.847s] -- Installing: /workspaces/RosTryOut/src/install/voice_command_node/lib/voice_command_node/voice_control.py
[0.851s] -- Installing: /workspaces/RosTryOut/src/install/voice_command_node/share/ament_index/resource_index/package_run_dependencies/voice_command_node
[0.853s] -- Installing: /workspaces/RosTryOut/src/install/voice_command_node/share/ament_index/resource_index/parent_prefix_path/voice_command_node
[0.855s] -- Installing: /workspaces/RosTryOut/src/install/voice_command_node/share/voice_command_node/environment/ament_prefix_path.sh
[0.857s] -- Installing: /workspaces/RosTryOut/src/install/voice_command_node/share/voice_command_node/environment/ament_prefix_path.dsv
[0.859s] -- Installing: /workspaces/RosTryOut/src/install/voice_command_node/share/voice_command_node/environment/path.sh
[0.860s] -- Installing: /workspaces/RosTryOut/src/install/voice_command_node/share/voice_command_node/environment/path.dsv
[0.862s] -- Installing: /workspaces/RosTryOut/src/install/voice_command_node/share/voice_command_node/local_setup.bash
[0.864s] -- Installing: /workspaces/RosTryOut/src/install/voice_command_node/share/voice_command_node/local_setup.sh
[0.865s] -- Installing: /workspaces/RosTryOut/src/install/voice_command_node/share/voice_command_node/local_setup.zsh
[0.866s] -- Installing: /workspaces/RosTryOut/src/install/voice_command_node/share/voice_command_node/local_setup.dsv
[0.867s] -- Installing: /workspaces/RosTryOut/src/install/voice_command_node/share/voice_command_node/package.dsv
[0.868s] -- Installing: /workspaces/RosTryOut/src/install/voice_command_node/share/ament_index/resource_index/packages/voice_command_node
[0.869s] -- Installing: /workspaces/RosTryOut/src/install/voice_command_node/share/voice_command_node/cmake/voice_command_nodeConfig.cmake
[0.870s] -- Installing: /workspaces/RosTryOut/src/install/voice_command_node/share/voice_command_node/cmake/voice_command_nodeConfig-version.cmake
[0.871s] -- Installing: /workspaces/RosTryOut/src/install/voice_command_node/share/voice_command_node/package.xml
[0.874s] Invoked command in '/workspaces/RosTryOut/src/build/voice_command_node' returned '0': /usr/bin/cmake --install /workspaces/RosTryOut/src/build/voice_command_node
