[0.053s] DEBUG:colcon:Command line arguments: ['/usr/bin/colcon', 'build']
[0.053s] DEBUG:colcon:Parsed command line arguments: Namespace(log_base=None, log_level=None, verb_name='build', build_base='build', install_base='install', merge_install=False, symlink_install=False, test_result_base=None, continue_on_error=False, executor='parallel', parallel_workers=8, event_handlers=None, ignore_user_meta=False, metas=['./colcon.meta'], base_paths=['.'], packages_ignore=None, packages_ignore_regex=None, paths=None, packages_up_to=None, packages_up_to_regex=None, packages_above=None, packages_above_and_dependencies=None, packages_above_depth=None, packages_select_by_dep=None, packages_skip_by_dep=None, packages_skip_up_to=None, packages_select_build_failed=False, packages_skip_build_finished=False, packages_select_test_failures=False, packages_skip_test_passed=False, packages_select=None, packages_skip=None, packages_select_regex=None, packages_skip_regex=None, packages_start=None, packages_end=None, cmake_args=None, cmake_target=None, cmake_target_skip_unavailable=False, cmake_clean_cache=False, cmake_clean_first=False, cmake_force_configure=False, ament_cmake_args=None, catkin_cmake_args=None, catkin_skip_building_tests=False, mixin_files=None, mixin=None, verb_parser=<colcon_mixin.mixin.mixin_argument.MixinArgumentDecorator object at 0xffffa36136d0>, verb_extension=<colcon_core.verb.build.BuildVerb object at 0xffffa3613100>, main=<bound method BuildVerb.main of <colcon_core.verb.build.BuildVerb object at 0xffffa3613100>>, mixin_verb=('build',))
[0.116s] Level 1:colcon.colcon_core.package_discovery:discover_packages(colcon_meta) check parameters
[0.116s] Level 1:colcon.colcon_core.package_discovery:discover_packages(recursive) check parameters
[0.116s] Level 1:colcon.colcon_core.package_discovery:discover_packages(ignore) check parameters
[0.116s] Level 1:colcon.colcon_core.package_discovery:discover_packages(path) check parameters
[0.116s] Level 1:colcon.colcon_core.package_discovery:discover_packages(colcon_meta) discover
[0.116s] Level 1:colcon.colcon_core.package_discovery:discover_packages(recursive) discover
[0.117s] INFO:colcon.colcon_core.package_discovery:Crawling recursively for packages in '/workspaces/RosTryOut/src'
[0.117s] Level 1:colcon.colcon_core.package_identification:_identify(.) by extensions ['ignore', 'ignore_ament_install']
[0.117s] Level 1:colcon.colcon_core.package_identification:_identify(.) by extension 'ignore'
[0.117s] Level 1:colcon.colcon_core.package_identification:_identify(.) by extension 'ignore_ament_install'
[0.117s] Level 1:colcon.colcon_core.package_identification:_identify(.) by extensions ['colcon_pkg']
[0.117s] Level 1:colcon.colcon_core.package_identification:_identify(.) by extension 'colcon_pkg'
[0.117s] Level 1:colcon.colcon_core.package_identification:_identify(.) by extensions ['colcon_meta']
[0.117s] Level 1:colcon.colcon_core.package_identification:_identify(.) by extension 'colcon_meta'
[0.117s] Level 1:colcon.colcon_core.package_identification:_identify(.) by extensions ['ros']
[0.117s] Level 1:colcon.colcon_core.package_identification:_identify(.) by extension 'ros'
[0.123s] Level 1:colcon.colcon_core.package_identification:_identify(.) by extensions ['cmake', 'python']
[0.123s] Level 1:colcon.colcon_core.package_identification:_identify(.) by extension 'cmake'
[0.123s] Level 1:colcon.colcon_core.package_identification:_identify(.) by extension 'python'
[0.123s] Level 1:colcon.colcon_core.package_identification:_identify(.) by extensions ['python_setup_py']
[0.123s] Level 1:colcon.colcon_core.package_identification:_identify(.) by extension 'python_setup_py'
[0.123s] Level 1:colcon.colcon_core.package_identification:_identify(build) by extensions ['ignore', 'ignore_ament_install']
[0.123s] Level 1:colcon.colcon_core.package_identification:_identify(build) by extension 'ignore'
[0.123s] Level 1:colcon.colcon_core.package_identification:_identify(build) ignored
[0.123s] Level 1:colcon.colcon_core.package_identification:_identify(install) by extensions ['ignore', 'ignore_ament_install']
[0.124s] Level 1:colcon.colcon_core.package_identification:_identify(install) by extension 'ignore'
[0.124s] Level 1:colcon.colcon_core.package_identification:_identify(install) ignored
[0.124s] Level 1:colcon.colcon_core.package_identification:_identify(log) by extensions ['ignore', 'ignore_ament_install']
[0.124s] Level 1:colcon.colcon_core.package_identification:_identify(log) by extension 'ignore'
[0.124s] Level 1:colcon.colcon_core.package_identification:_identify(log) ignored
[0.124s] Level 1:colcon.colcon_core.package_identification:_identify(robot_description) by extensions ['ignore', 'ignore_ament_install']
[0.124s] Level 1:colcon.colcon_core.package_identification:_identify(robot_description) by extension 'ignore'
[0.124s] Level 1:colcon.colcon_core.package_identification:_identify(robot_description) by extension 'ignore_ament_install'
[0.124s] Level 1:colcon.colcon_core.package_identification:_identify(robot_description) by extensions ['colcon_pkg']
[0.124s] Level 1:colcon.colcon_core.package_identification:_identify(robot_description) by extension 'colcon_pkg'
[0.124s] Level 1:colcon.colcon_core.package_identification:_identify(robot_description) by extensions ['colcon_meta']
[0.124s] Level 1:colcon.colcon_core.package_identification:_identify(robot_description) by extension 'colcon_meta'
[0.124s] Level 1:colcon.colcon_core.package_identification:_identify(robot_description) by extensions ['ros']
[0.125s] Level 1:colcon.colcon_core.package_identification:_identify(robot_description) by extension 'ros'
[0.126s] DEBUG:colcon.colcon_core.package_identification:Package 'robot_description' with type 'ros.catkin' and name 'robot_description'
[0.126s] Level 1:colcon.colcon_core.package_identification:_identify(robot_simulation) by extensions ['ignore', 'ignore_ament_install']
[0.126s] Level 1:colcon.colcon_core.package_identification:_identify(robot_simulation) by extension 'ignore'
[0.126s] Level 1:colcon.colcon_core.package_identification:_identify(robot_simulation) by extension 'ignore_ament_install'
[0.127s] Level 1:colcon.colcon_core.package_identification:_identify(robot_simulation) by extensions ['colcon_pkg']
[0.127s] Level 1:colcon.colcon_core.package_identification:_identify(robot_simulation) by extension 'colcon_pkg'
[0.127s] Level 1:colcon.colcon_core.package_identification:_identify(robot_simulation) by extensions ['colcon_meta']
[0.127s] Level 1:colcon.colcon_core.package_identification:_identify(robot_simulation) by extension 'colcon_meta'
[0.127s] Level 1:colcon.colcon_core.package_identification:_identify(robot_simulation) by extensions ['ros']
[0.127s] Level 1:colcon.colcon_core.package_identification:_identify(robot_simulation) by extension 'ros'
[0.127s] DEBUG:colcon.colcon_core.package_identification:Package 'robot_simulation' with type 'ros.catkin' and name 'robot_simulation'
[0.127s] Level 1:colcon.colcon_core.package_identification:_identify(speech_to_text) by extensions ['ignore', 'ignore_ament_install']
[0.127s] Level 1:colcon.colcon_core.package_identification:_identify(speech_to_text) by extension 'ignore'
[0.127s] Level 1:colcon.colcon_core.package_identification:_identify(speech_to_text) by extension 'ignore_ament_install'
[0.128s] Level 1:colcon.colcon_core.package_identification:_identify(speech_to_text) by extensions ['colcon_pkg']
[0.128s] Level 1:colcon.colcon_core.package_identification:_identify(speech_to_text) by extension 'colcon_pkg'
[0.128s] Level 1:colcon.colcon_core.package_identification:_identify(speech_to_text) by extensions ['colcon_meta']
[0.128s] Level 1:colcon.colcon_core.package_identification:_identify(speech_to_text) by extension 'colcon_meta'
[0.128s] Level 1:colcon.colcon_core.package_identification:_identify(speech_to_text) by extensions ['ros']
[0.128s] Level 1:colcon.colcon_core.package_identification:_identify(speech_to_text) by extension 'ros'
[0.128s] DEBUG:colcon.colcon_core.package_identification:Package 'speech_to_text' with type 'ros.catkin' and name 'speech_to_text'
[0.128s] Level 1:colcon.colcon_core.package_identification:_identify(voice_command_node) by extensions ['ignore', 'ignore_ament_install']
[0.128s] Level 1:colcon.colcon_core.package_identification:_identify(voice_command_node) by extension 'ignore'
[0.129s] Level 1:colcon.colcon_core.package_identification:_identify(voice_command_node) by extension 'ignore_ament_install'
[0.129s] Level 1:colcon.colcon_core.package_identification:_identify(voice_command_node) by extensions ['colcon_pkg']
[0.129s] Level 1:colcon.colcon_core.package_identification:_identify(voice_command_node) by extension 'colcon_pkg'
[0.129s] Level 1:colcon.colcon_core.package_identification:_identify(voice_command_node) by extensions ['colcon_meta']
[0.129s] Level 1:colcon.colcon_core.package_identification:_identify(voice_command_node) by extension 'colcon_meta'
[0.129s] Level 1:colcon.colcon_core.package_identification:_identify(voice_command_node) by extensions ['ros']
[0.129s] Level 1:colcon.colcon_core.package_identification:_identify(voice_command_node) by extension 'ros'
[0.129s] DEBUG:colcon.colcon_core.package_identification:Package 'voice_command_node' with type 'ros.catkin' and name 'voice_command_node'
[0.129s] Level 1:colcon.colcon_core.package_discovery:discover_packages(recursive) using defaults
[0.129s] Level 1:colcon.colcon_core.package_discovery:discover_packages(ignore) discover
[0.129s] Level 1:colcon.colcon_core.package_discovery:discover_packages(ignore) using defaults
[0.129s] Level 1:colcon.colcon_core.package_discovery:discover_packages(path) discover
[0.129s] Level 1:colcon.colcon_core.package_discovery:discover_packages(path) using defaults
[0.145s] Level 5:colcon.colcon_core.verb:set package 'robot_description' build argument 'cmake_args' from command line to 'None'
[0.146s] Level 5:colcon.colcon_core.verb:set package 'robot_description' build argument 'cmake_target' from command line to 'None'
[0.146s] Level 5:colcon.colcon_core.verb:set package 'robot_description' build argument 'cmake_target_skip_unavailable' from command line to 'False'
[0.146s] Level 5:colcon.colcon_core.verb:set package 'robot_description' build argument 'cmake_clean_cache' from command line to 'False'
[0.146s] Level 5:colcon.colcon_core.verb:set package 'robot_description' build argument 'cmake_clean_first' from command line to 'False'
[0.146s] Level 5:colcon.colcon_core.verb:set package 'robot_description' build argument 'cmake_force_configure' from command line to 'False'
[0.146s] Level 5:colcon.colcon_core.verb:set package 'robot_description' build argument 'ament_cmake_args' from command line to 'None'
[0.146s] Level 5:colcon.colcon_core.verb:set package 'robot_description' build argument 'catkin_cmake_args' from command line to 'None'
[0.146s] Level 5:colcon.colcon_core.verb:set package 'robot_description' build argument 'catkin_skip_building_tests' from command line to 'False'
[0.146s] DEBUG:colcon.colcon_core.verb:Building package 'robot_description' with the following arguments: {'ament_cmake_args': None, 'build_base': '/workspaces/RosTryOut/src/build/robot_description', 'catkin_cmake_args': None, 'catkin_skip_building_tests': False, 'cmake_args': None, 'cmake_clean_cache': False, 'cmake_clean_first': False, 'cmake_force_configure': False, 'cmake_target': None, 'cmake_target_skip_unavailable': False, 'install_base': '/workspaces/RosTryOut/src/install/robot_description', 'merge_install': False, 'path': '/workspaces/RosTryOut/src/robot_description', 'symlink_install': False, 'test_result_base': None}
[0.146s] Level 5:colcon.colcon_core.verb:set package 'robot_simulation' build argument 'cmake_args' from command line to 'None'
[0.146s] Level 5:colcon.colcon_core.verb:set package 'robot_simulation' build argument 'cmake_target' from command line to 'None'
[0.146s] Level 5:colcon.colcon_core.verb:set package 'robot_simulation' build argument 'cmake_target_skip_unavailable' from command line to 'False'
[0.146s] Level 5:colcon.colcon_core.verb:set package 'robot_simulation' build argument 'cmake_clean_cache' from command line to 'False'
[0.146s] Level 5:colcon.colcon_core.verb:set package 'robot_simulation' build argument 'cmake_clean_first' from command line to 'False'
[0.146s] Level 5:colcon.colcon_core.verb:set package 'robot_simulation' build argument 'cmake_force_configure' from command line to 'False'
[0.146s] Level 5:colcon.colcon_core.verb:set package 'robot_simulation' build argument 'ament_cmake_args' from command line to 'None'
[0.147s] Level 5:colcon.colcon_core.verb:set package 'robot_simulation' build argument 'catkin_cmake_args' from command line to 'None'
[0.147s] Level 5:colcon.colcon_core.verb:set package 'robot_simulation' build argument 'catkin_skip_building_tests' from command line to 'False'
[0.147s] DEBUG:colcon.colcon_core.verb:Building package 'robot_simulation' with the following arguments: {'ament_cmake_args': None, 'build_base': '/workspaces/RosTryOut/src/build/robot_simulation', 'catkin_cmake_args': None, 'catkin_skip_building_tests': False, 'cmake_args': None, 'cmake_clean_cache': False, 'cmake_clean_first': False, 'cmake_force_configure': False, 'cmake_target': None, 'cmake_target_skip_unavailable': False, 'install_base': '/workspaces/RosTryOut/src/install/robot_simulation', 'merge_install': False, 'path': '/workspaces/RosTryOut/src/robot_simulation', 'symlink_install': False, 'test_result_base': None}
[0.147s] Level 5:colcon.colcon_core.verb:set package 'speech_to_text' build argument 'cmake_args' from command line to 'None'
[0.147s] Level 5:colcon.colcon_core.verb:set package 'speech_to_text' build argument 'cmake_target' from command line to 'None'
[0.147s] Level 5:colcon.colcon_core.verb:set package 'speech_to_text' build argument 'cmake_target_skip_unavailable' from command line to 'False'
[0.147s] Level 5:colcon.colcon_core.verb:set package 'speech_to_text' build argument 'cmake_clean_cache' from command line to 'False'
[0.147s] Level 5:colcon.colcon_core.verb:set package 'speech_to_text' build argument 'cmake_clean_first' from command line to 'False'
[0.147s] Level 5:colcon.colcon_core.verb:set package 'speech_to_text' build argument 'cmake_force_configure' from command line to 'False'
[0.147s] Level 5:colcon.colcon_core.verb:set package 'speech_to_text' build argument 'ament_cmake_args' from command line to 'None'
[0.147s] Level 5:colcon.colcon_core.verb:set package 'speech_to_text' build argument 'catkin_cmake_args' from command line to 'None'
[0.147s] Level 5:colcon.colcon_core.verb:set package 'speech_to_text' build argument 'catkin_skip_building_tests' from command line to 'False'
[0.147s] DEBUG:colcon.colcon_core.verb:Building package 'speech_to_text' with the following arguments: {'ament_cmake_args': None, 'build_base': '/workspaces/RosTryOut/src/build/speech_to_text', 'catkin_cmake_args': None, 'catkin_skip_building_tests': False, 'cmake_args': None, 'cmake_clean_cache': False, 'cmake_clean_first': False, 'cmake_force_configure': False, 'cmake_target': None, 'cmake_target_skip_unavailable': False, 'install_base': '/workspaces/RosTryOut/src/install/speech_to_text', 'merge_install': False, 'path': '/workspaces/RosTryOut/src/speech_to_text', 'symlink_install': False, 'test_result_base': None}
[0.147s] Level 5:colcon.colcon_core.verb:set package 'voice_command_node' build argument 'cmake_args' from command line to 'None'
[0.147s] Level 5:colcon.colcon_core.verb:set package 'voice_command_node' build argument 'cmake_target' from command line to 'None'
[0.147s] Level 5:colcon.colcon_core.verb:set package 'voice_command_node' build argument 'cmake_target_skip_unavailable' from command line to 'False'
[0.147s] Level 5:colcon.colcon_core.verb:set package 'voice_command_node' build argument 'cmake_clean_cache' from command line to 'False'
[0.147s] Level 5:colcon.colcon_core.verb:set package 'voice_command_node' build argument 'cmake_clean_first' from command line to 'False'
[0.147s] Level 5:colcon.colcon_core.verb:set package 'voice_command_node' build argument 'cmake_force_configure' from command line to 'False'
[0.147s] Level 5:colcon.colcon_core.verb:set package 'voice_command_node' build argument 'ament_cmake_args' from command line to 'None'
[0.148s] Level 5:colcon.colcon_core.verb:set package 'voice_command_node' build argument 'catkin_cmake_args' from command line to 'None'
[0.148s] Level 5:colcon.colcon_core.verb:set package 'voice_command_node' build argument 'catkin_skip_building_tests' from command line to 'False'
[0.148s] DEBUG:colcon.colcon_core.verb:Building package 'voice_command_node' with the following arguments: {'ament_cmake_args': None, 'build_base': '/workspaces/RosTryOut/src/build/voice_command_node', 'catkin_cmake_args': None, 'catkin_skip_building_tests': False, 'cmake_args': None, 'cmake_clean_cache': False, 'cmake_clean_first': False, 'cmake_force_configure': False, 'cmake_target': None, 'cmake_target_skip_unavailable': False, 'install_base': '/workspaces/RosTryOut/src/install/voice_command_node', 'merge_install': False, 'path': '/workspaces/RosTryOut/src/voice_command_node', 'symlink_install': False, 'test_result_base': None}
[0.148s] INFO:colcon.colcon_core.executor:Executing jobs using 'parallel' executor
[0.148s] DEBUG:colcon.colcon_parallel_executor.executor.parallel:run_until_complete
[0.149s] INFO:colcon.colcon_ros.task.catkin.build:Building ROS package in '/workspaces/RosTryOut/src/robot_description' with build type 'catkin'
[0.149s] INFO:colcon.colcon_cmake.task.cmake.build:Building CMake package in '/workspaces/RosTryOut/src/robot_description'
[0.150s] INFO:colcon.colcon_core.plugin_system:Skipping extension 'colcon_core.shell.bat': Not used on non-Windows systems
[0.150s] INFO:colcon.colcon_core.shell:Skip shell extension 'powershell' for command environment: Not usable outside of PowerShell
[0.150s] DEBUG:colcon.colcon_core.shell:Skip shell extension 'dsv' for command environment
[0.153s] INFO:colcon.colcon_ros.task.catkin.build:Building ROS package in '/workspaces/RosTryOut/src/robot_simulation' with build type 'catkin'
[0.153s] INFO:colcon.colcon_cmake.task.cmake.build:Building CMake package in '/workspaces/RosTryOut/src/robot_simulation'
[0.154s] INFO:colcon.colcon_core.shell:Skip shell extension 'powershell' for command environment: Not usable outside of PowerShell
[0.154s] DEBUG:colcon.colcon_core.shell:Skip shell extension 'dsv' for command environment
[0.156s] INFO:colcon.colcon_ros.task.catkin.build:Building ROS package in '/workspaces/RosTryOut/src/speech_to_text' with build type 'catkin'
[0.156s] INFO:colcon.colcon_cmake.task.cmake.build:Building CMake package in '/workspaces/RosTryOut/src/speech_to_text'
[0.156s] INFO:colcon.colcon_core.shell:Skip shell extension 'powershell' for command environment: Not usable outside of PowerShell
[0.156s] DEBUG:colcon.colcon_core.shell:Skip shell extension 'dsv' for command environment
[0.158s] INFO:colcon.colcon_ros.task.catkin.build:Building ROS package in '/workspaces/RosTryOut/src/voice_command_node' with build type 'catkin'
[0.158s] INFO:colcon.colcon_cmake.task.cmake.build:Building CMake package in '/workspaces/RosTryOut/src/voice_command_node'
[0.159s] INFO:colcon.colcon_core.shell:Skip shell extension 'powershell' for command environment: Not usable outside of PowerShell
[0.159s] DEBUG:colcon.colcon_core.shell:Skip shell extension 'dsv' for command environment
[0.167s] DEBUG:colcon.colcon_core.event_handler.log_command:Invoking command in '/workspaces/RosTryOut/src/build/robot_description': /usr/bin/cmake /workspaces/RosTryOut/src/robot_description -DCATKIN_INSTALL_INTO_PREFIX_ROOT=0 -DCMAKE_INSTALL_PREFIX=/workspaces/RosTryOut/src/install/robot_description
[0.171s] DEBUG:colcon.colcon_core.event_handler.log_command:Invoking command in '/workspaces/RosTryOut/src/build/robot_simulation': /usr/bin/cmake /workspaces/RosTryOut/src/robot_simulation -DCATKIN_INSTALL_INTO_PREFIX_ROOT=0 -DCMAKE_INSTALL_PREFIX=/workspaces/RosTryOut/src/install/robot_simulation
[0.183s] DEBUG:colcon.colcon_core.event_handler.log_command:Invoking command in '/workspaces/RosTryOut/src/build/speech_to_text': /usr/bin/cmake /workspaces/RosTryOut/src/speech_to_text -DCATKIN_INSTALL_INTO_PREFIX_ROOT=0 -DCMAKE_INSTALL_PREFIX=/workspaces/RosTryOut/src/install/speech_to_text
[0.193s] DEBUG:colcon.colcon_core.event_handler.log_command:Invoking command in '/workspaces/RosTryOut/src/build/voice_command_node': /usr/bin/cmake /workspaces/RosTryOut/src/voice_command_node -DCATKIN_INSTALL_INTO_PREFIX_ROOT=0 -DCMAKE_INSTALL_PREFIX=/workspaces/RosTryOut/src/install/voice_command_node
[0.847s] DEBUG:colcon.colcon_core.event_handler.log_command:Invoked command in '/workspaces/RosTryOut/src/build/robot_simulation' returned '0': /usr/bin/cmake /workspaces/RosTryOut/src/robot_simulation -DCATKIN_INSTALL_INTO_PREFIX_ROOT=0 -DCMAKE_INSTALL_PREFIX=/workspaces/RosTryOut/src/install/robot_simulation
[0.858s] DEBUG:colcon.colcon_core.event_handler.log_command:Invoking command in '/workspaces/RosTryOut/src/build/robot_simulation': /usr/bin/cmake --build /workspaces/RosTryOut/src/build/robot_simulation -- -j8 -l8
[0.858s] DEBUG:colcon.colcon_core.event_handler.log_command:Invoked command in '/workspaces/RosTryOut/src/build/robot_description' returned '0': /usr/bin/cmake /workspaces/RosTryOut/src/robot_description -DCATKIN_INSTALL_INTO_PREFIX_ROOT=0 -DCMAKE_INSTALL_PREFIX=/workspaces/RosTryOut/src/install/robot_description
[0.859s] DEBUG:colcon.colcon_core.event_handler.log_command:Invoking command in '/workspaces/RosTryOut/src/build/robot_description': /usr/bin/cmake --build /workspaces/RosTryOut/src/build/robot_description -- -j8 -l8
[0.875s] DEBUG:colcon.colcon_core.event_handler.log_command:Invoked command in '/workspaces/RosTryOut/src/build/robot_simulation' returned '0': /usr/bin/cmake --build /workspaces/RosTryOut/src/build/robot_simulation -- -j8 -l8
[0.886s] DEBUG:colcon.colcon_core.event_handler.log_command:Invoking command in '/workspaces/RosTryOut/src/build/robot_simulation': /usr/bin/cmake --install /workspaces/RosTryOut/src/build/robot_simulation
[0.887s] DEBUG:colcon.colcon_core.event_handler.log_command:Invoked command in '/workspaces/RosTryOut/src/build/robot_description' returned '0': /usr/bin/cmake --build /workspaces/RosTryOut/src/build/robot_description -- -j8 -l8
[0.893s] DEBUG:colcon.colcon_core.event_handler.log_command:Invoking command in '/workspaces/RosTryOut/src/build/robot_description': /usr/bin/cmake --install /workspaces/RosTryOut/src/build/robot_description
[0.906s] DEBUG:colcon.colcon_core.event_handler.log_command:Invoked command in '/workspaces/RosTryOut/src/build/speech_to_text' returned '0': /usr/bin/cmake /workspaces/RosTryOut/src/speech_to_text -DCATKIN_INSTALL_INTO_PREFIX_ROOT=0 -DCMAKE_INSTALL_PREFIX=/workspaces/RosTryOut/src/install/speech_to_text
[0.909s] DEBUG:colcon.colcon_core.event_handler.log_command:Invoking command in '/workspaces/RosTryOut/src/build/speech_to_text': /usr/bin/cmake --build /workspaces/RosTryOut/src/build/speech_to_text -- -j8 -l8
[0.938s] DEBUG:colcon.colcon_core.event_handler.log_command:Invoked command in '/workspaces/RosTryOut/src/build/speech_to_text' returned '0': /usr/bin/cmake --build /workspaces/RosTryOut/src/build/speech_to_text -- -j8 -l8
[0.940s] DEBUG:colcon.colcon_core.event_handler.log_command:Invoking command in '/workspaces/RosTryOut/src/build/speech_to_text': /usr/bin/cmake --install /workspaces/RosTryOut/src/build/speech_to_text
[0.950s] DEBUG:colcon.colcon_core.event_handler.log_command:Invoked command in '/workspaces/RosTryOut/src/build/voice_command_node' returned '0': /usr/bin/cmake /workspaces/RosTryOut/src/voice_command_node -DCATKIN_INSTALL_INTO_PREFIX_ROOT=0 -DCMAKE_INSTALL_PREFIX=/workspaces/RosTryOut/src/install/voice_command_node
[0.951s] DEBUG:colcon.colcon_core.event_handler.log_command:Invoking command in '/workspaces/RosTryOut/src/build/voice_command_node': /usr/bin/cmake --build /workspaces/RosTryOut/src/build/voice_command_node -- -j8 -l8
[0.956s] DEBUG:colcon.colcon_core.event_handler.log_command:Invoked command in '/workspaces/RosTryOut/src/build/robot_simulation' returned '0': /usr/bin/cmake --install /workspaces/RosTryOut/src/build/robot_simulation
[0.956s] Level 1:colcon.colcon_core.shell:create_environment_hook('robot_simulation', 'ros_package_path')
[0.957s] INFO:colcon.colcon_core.shell:Creating environment hook '/workspaces/RosTryOut/src/install/robot_simulation/share/robot_simulation/hook/ros_package_path.ps1'
[0.958s] INFO:colcon.colcon_core.shell:Creating environment descriptor '/workspaces/RosTryOut/src/install/robot_simulation/share/robot_simulation/hook/ros_package_path.dsv'
[0.959s] INFO:colcon.colcon_core.shell:Creating environment hook '/workspaces/RosTryOut/src/install/robot_simulation/share/robot_simulation/hook/ros_package_path.sh'
[0.961s] Level 1:colcon.colcon_core.shell:create_environment_hook('robot_simulation', 'pkg_config_path')
[0.962s] INFO:colcon.colcon_core.shell:Creating environment hook '/workspaces/RosTryOut/src/install/robot_simulation/share/robot_simulation/hook/pkg_config_path.ps1'
[0.962s] INFO:colcon.colcon_core.shell:Creating environment descriptor '/workspaces/RosTryOut/src/install/robot_simulation/share/robot_simulation/hook/pkg_config_path.dsv'
[0.963s] INFO:colcon.colcon_core.shell:Creating environment hook '/workspaces/RosTryOut/src/install/robot_simulation/share/robot_simulation/hook/pkg_config_path.sh'
[0.966s] Level 1:colcon.colcon_core.shell:create_environment_hook('robot_simulation', 'pkg_config_path_multiarch')
[0.967s] INFO:colcon.colcon_core.shell:Creating environment hook '/workspaces/RosTryOut/src/install/robot_simulation/share/robot_simulation/hook/pkg_config_path_multiarch.ps1'
[0.968s] INFO:colcon.colcon_core.shell:Creating environment descriptor '/workspaces/RosTryOut/src/install/robot_simulation/share/robot_simulation/hook/pkg_config_path_multiarch.dsv'
[0.968s] INFO:colcon.colcon_core.shell:Creating environment hook '/workspaces/RosTryOut/src/install/robot_simulation/share/robot_simulation/hook/pkg_config_path_multiarch.sh'
[0.970s] Level 1:colcon.colcon_core.environment:create_environment_scripts_only(robot_simulation)
[0.972s] Level 1:colcon.colcon_core.environment:checking '/workspaces/RosTryOut/src/install/robot_simulation' for CMake module files
[0.974s] Level 1:colcon.colcon_core.environment:checking '/workspaces/RosTryOut/src/install/robot_simulation' for CMake config files
[0.976s] Level 1:colcon.colcon_core.shell:create_environment_hook('robot_simulation', 'cmake_prefix_path')
[0.976s] INFO:colcon.colcon_core.shell:Creating environment hook '/workspaces/RosTryOut/src/install/robot_simulation/share/robot_simulation/hook/cmake_prefix_path.ps1'
[0.977s] INFO:colcon.colcon_core.shell:Creating environment descriptor '/workspaces/RosTryOut/src/install/robot_simulation/share/robot_simulation/hook/cmake_prefix_path.dsv'
[0.978s] INFO:colcon.colcon_core.shell:Creating environment hook '/workspaces/RosTryOut/src/install/robot_simulation/share/robot_simulation/hook/cmake_prefix_path.sh'
[0.978s] Level 1:colcon.colcon_core.environment:checking '/workspaces/RosTryOut/src/install/robot_simulation/bin'
[0.979s] Level 1:colcon.colcon_core.environment:checking '/workspaces/RosTryOut/src/install/robot_simulation/lib/pkgconfig/robot_simulation.pc'
[0.980s] Level 1:colcon.colcon_core.environment:checking '/workspaces/RosTryOut/src/install/robot_simulation/lib/python3.10/site-packages'
[0.980s] Level 1:colcon.colcon_core.environment:checking '/workspaces/RosTryOut/src/install/robot_simulation/bin'
[0.980s] INFO:colcon.colcon_core.shell:Creating package script '/workspaces/RosTryOut/src/install/robot_simulation/share/robot_simulation/package.ps1'
[0.981s] INFO:colcon.colcon_core.shell:Creating package descriptor '/workspaces/RosTryOut/src/install/robot_simulation/share/robot_simulation/package.dsv'
[0.982s] INFO:colcon.colcon_core.shell:Creating package script '/workspaces/RosTryOut/src/install/robot_simulation/share/robot_simulation/package.sh'
[0.983s] INFO:colcon.colcon_core.shell:Creating package script '/workspaces/RosTryOut/src/install/robot_simulation/share/robot_simulation/package.bash'
[0.984s] INFO:colcon.colcon_core.shell:Creating package script '/workspaces/RosTryOut/src/install/robot_simulation/share/robot_simulation/package.zsh'
[0.985s] Level 1:colcon.colcon_core.environment:create_file_with_runtime_dependencies(/workspaces/RosTryOut/src/install/robot_simulation/share/colcon-core/packages/robot_simulation)
[0.988s] Level 1:colcon.colcon_core.shell:create_environment_hook('robot_description', 'ros_package_path')
[0.988s] INFO:colcon.colcon_core.shell:Creating environment hook '/workspaces/RosTryOut/src/install/robot_description/share/robot_description/hook/ros_package_path.ps1'
[0.988s] DEBUG:colcon.colcon_core.event_handler.log_command:Invoked command in '/workspaces/RosTryOut/src/build/robot_description' returned '0': /usr/bin/cmake --install /workspaces/RosTryOut/src/build/robot_description
[0.989s] INFO:colcon.colcon_core.shell:Creating environment descriptor '/workspaces/RosTryOut/src/install/robot_description/share/robot_description/hook/ros_package_path.dsv'
[0.989s] INFO:colcon.colcon_core.shell:Creating environment hook '/workspaces/RosTryOut/src/install/robot_description/share/robot_description/hook/ros_package_path.sh'
[0.989s] Level 1:colcon.colcon_core.shell:create_environment_hook('robot_description', 'pkg_config_path')
[0.989s] INFO:colcon.colcon_core.shell:Creating environment hook '/workspaces/RosTryOut/src/install/robot_description/share/robot_description/hook/pkg_config_path.ps1'
[0.990s] INFO:colcon.colcon_core.shell:Creating environment descriptor '/workspaces/RosTryOut/src/install/robot_description/share/robot_description/hook/pkg_config_path.dsv'
[0.990s] INFO:colcon.colcon_core.shell:Creating environment hook '/workspaces/RosTryOut/src/install/robot_description/share/robot_description/hook/pkg_config_path.sh'
[0.991s] Level 1:colcon.colcon_core.shell:create_environment_hook('robot_description', 'pkg_config_path_multiarch')
[0.991s] INFO:colcon.colcon_core.shell:Creating environment hook '/workspaces/RosTryOut/src/install/robot_description/share/robot_description/hook/pkg_config_path_multiarch.ps1'
[0.991s] INFO:colcon.colcon_core.shell:Creating environment descriptor '/workspaces/RosTryOut/src/install/robot_description/share/robot_description/hook/pkg_config_path_multiarch.dsv'
[0.992s] INFO:colcon.colcon_core.shell:Creating environment hook '/workspaces/RosTryOut/src/install/robot_description/share/robot_description/hook/pkg_config_path_multiarch.sh'
[0.992s] Level 1:colcon.colcon_core.environment:create_environment_scripts_only(robot_description)
[0.992s] Level 1:colcon.colcon_core.environment:checking '/workspaces/RosTryOut/src/install/robot_description' for CMake module files
[0.994s] Level 1:colcon.colcon_core.environment:checking '/workspaces/RosTryOut/src/install/robot_description' for CMake config files
[0.994s] Level 1:colcon.colcon_core.shell:create_environment_hook('robot_description', 'cmake_prefix_path')
[0.994s] INFO:colcon.colcon_core.shell:Creating environment hook '/workspaces/RosTryOut/src/install/robot_description/share/robot_description/hook/cmake_prefix_path.ps1'
[0.995s] INFO:colcon.colcon_core.shell:Creating environment descriptor '/workspaces/RosTryOut/src/install/robot_description/share/robot_description/hook/cmake_prefix_path.dsv'
[0.995s] INFO:colcon.colcon_core.shell:Creating environment hook '/workspaces/RosTryOut/src/install/robot_description/share/robot_description/hook/cmake_prefix_path.sh'
[0.996s] Level 1:colcon.colcon_core.environment:checking '/workspaces/RosTryOut/src/install/robot_description/bin'
[0.996s] Level 1:colcon.colcon_core.environment:checking '/workspaces/RosTryOut/src/install/robot_description/lib/pkgconfig/robot_description.pc'
[0.996s] Level 1:colcon.colcon_core.environment:checking '/workspaces/RosTryOut/src/install/robot_description/lib/python3.10/site-packages'
[0.996s] Level 1:colcon.colcon_core.environment:checking '/workspaces/RosTryOut/src/install/robot_description/bin'
[0.996s] INFO:colcon.colcon_core.shell:Creating package script '/workspaces/RosTryOut/src/install/robot_description/share/robot_description/package.ps1'
[0.997s] INFO:colcon.colcon_core.shell:Creating package descriptor '/workspaces/RosTryOut/src/install/robot_description/share/robot_description/package.dsv'
[0.997s] INFO:colcon.colcon_core.shell:Creating package script '/workspaces/RosTryOut/src/install/robot_description/share/robot_description/package.sh'
[0.997s] INFO:colcon.colcon_core.shell:Creating package script '/workspaces/RosTryOut/src/install/robot_description/share/robot_description/package.bash'
[0.998s] INFO:colcon.colcon_core.shell:Creating package script '/workspaces/RosTryOut/src/install/robot_description/share/robot_description/package.zsh'
[0.998s] Level 1:colcon.colcon_core.environment:create_file_with_runtime_dependencies(/workspaces/RosTryOut/src/install/robot_description/share/colcon-core/packages/robot_description)
[1.000s] DEBUG:colcon.colcon_core.event_handler.log_command:Invoked command in '/workspaces/RosTryOut/src/build/voice_command_node' returned '0': /usr/bin/cmake --build /workspaces/RosTryOut/src/build/voice_command_node -- -j8 -l8
[1.001s] DEBUG:colcon.colcon_core.event_handler.log_command:Invoking command in '/workspaces/RosTryOut/src/build/voice_command_node': /usr/bin/cmake --install /workspaces/RosTryOut/src/build/voice_command_node
[1.002s] DEBUG:colcon.colcon_core.event_handler.log_command:Invoked command in '/workspaces/RosTryOut/src/build/speech_to_text' returned '0': /usr/bin/cmake --install /workspaces/RosTryOut/src/build/speech_to_text
[1.002s] Level 1:colcon.colcon_core.shell:create_environment_hook('speech_to_text', 'ros_package_path')
[1.002s] INFO:colcon.colcon_core.shell:Creating environment hook '/workspaces/RosTryOut/src/install/speech_to_text/share/speech_to_text/hook/ros_package_path.ps1'
[1.002s] INFO:colcon.colcon_core.shell:Creating environment descriptor '/workspaces/RosTryOut/src/install/speech_to_text/share/speech_to_text/hook/ros_package_path.dsv'
[1.003s] INFO:colcon.colcon_core.shell:Creating environment hook '/workspaces/RosTryOut/src/install/speech_to_text/share/speech_to_text/hook/ros_package_path.sh'
[1.003s] Level 1:colcon.colcon_core.shell:create_environment_hook('speech_to_text', 'pkg_config_path')
[1.003s] INFO:colcon.colcon_core.shell:Creating environment hook '/workspaces/RosTryOut/src/install/speech_to_text/share/speech_to_text/hook/pkg_config_path.ps1'
[1.004s] INFO:colcon.colcon_core.shell:Creating environment descriptor '/workspaces/RosTryOut/src/install/speech_to_text/share/speech_to_text/hook/pkg_config_path.dsv'
[1.005s] INFO:colcon.colcon_core.shell:Creating environment hook '/workspaces/RosTryOut/src/install/speech_to_text/share/speech_to_text/hook/pkg_config_path.sh'
[1.005s] Level 1:colcon.colcon_core.shell:create_environment_hook('speech_to_text', 'pkg_config_path_multiarch')
[1.005s] INFO:colcon.colcon_core.shell:Creating environment hook '/workspaces/RosTryOut/src/install/speech_to_text/share/speech_to_text/hook/pkg_config_path_multiarch.ps1'
[1.006s] INFO:colcon.colcon_core.shell:Creating environment descriptor '/workspaces/RosTryOut/src/install/speech_to_text/share/speech_to_text/hook/pkg_config_path_multiarch.dsv'
[1.007s] INFO:colcon.colcon_core.shell:Creating environment hook '/workspaces/RosTryOut/src/install/speech_to_text/share/speech_to_text/hook/pkg_config_path_multiarch.sh'
[1.008s] Level 1:colcon.colcon_core.environment:create_environment_scripts_only(speech_to_text)
[1.008s] Level 1:colcon.colcon_core.environment:checking '/workspaces/RosTryOut/src/install/speech_to_text' for CMake module files
[1.011s] Level 1:colcon.colcon_core.environment:checking '/workspaces/RosTryOut/src/install/speech_to_text' for CMake config files
[1.013s] Level 1:colcon.colcon_core.shell:create_environment_hook('speech_to_text', 'cmake_prefix_path')
[1.013s] INFO:colcon.colcon_core.shell:Creating environment hook '/workspaces/RosTryOut/src/install/speech_to_text/share/speech_to_text/hook/cmake_prefix_path.ps1'
[1.013s] INFO:colcon.colcon_core.shell:Creating environment descriptor '/workspaces/RosTryOut/src/install/speech_to_text/share/speech_to_text/hook/cmake_prefix_path.dsv'
[1.014s] INFO:colcon.colcon_core.shell:Creating environment hook '/workspaces/RosTryOut/src/install/speech_to_text/share/speech_to_text/hook/cmake_prefix_path.sh'
[1.015s] Level 1:colcon.colcon_core.environment:checking '/workspaces/RosTryOut/src/install/speech_to_text/lib'
[1.016s] Level 1:colcon.colcon_core.environment:checking '/workspaces/RosTryOut/src/install/speech_to_text/bin'
[1.016s] Level 1:colcon.colcon_core.environment:checking '/workspaces/RosTryOut/src/install/speech_to_text/lib/pkgconfig/speech_to_text.pc'
[1.016s] Level 1:colcon.colcon_core.environment:checking '/workspaces/RosTryOut/src/install/speech_to_text/lib/python3.10/site-packages'
[1.016s] Level 1:colcon.colcon_core.environment:checking '/workspaces/RosTryOut/src/install/speech_to_text/bin'
[1.016s] INFO:colcon.colcon_core.shell:Creating package script '/workspaces/RosTryOut/src/install/speech_to_text/share/speech_to_text/package.ps1'
[1.017s] INFO:colcon.colcon_core.shell:Creating package descriptor '/workspaces/RosTryOut/src/install/speech_to_text/share/speech_to_text/package.dsv'
[1.018s] INFO:colcon.colcon_core.shell:Creating package script '/workspaces/RosTryOut/src/install/speech_to_text/share/speech_to_text/package.sh'
[1.019s] INFO:colcon.colcon_core.shell:Creating package script '/workspaces/RosTryOut/src/install/speech_to_text/share/speech_to_text/package.bash'
[1.019s] INFO:colcon.colcon_core.shell:Creating package script '/workspaces/RosTryOut/src/install/speech_to_text/share/speech_to_text/package.zsh'
[1.020s] Level 1:colcon.colcon_core.environment:create_file_with_runtime_dependencies(/workspaces/RosTryOut/src/install/speech_to_text/share/colcon-core/packages/speech_to_text)
[1.032s] DEBUG:colcon.colcon_core.event_handler.log_command:Invoked command in '/workspaces/RosTryOut/src/build/voice_command_node' returned '0': /usr/bin/cmake --install /workspaces/RosTryOut/src/build/voice_command_node
[1.032s] Level 1:colcon.colcon_core.shell:create_environment_hook('voice_command_node', 'ros_package_path')
[1.033s] INFO:colcon.colcon_core.shell:Creating environment hook '/workspaces/RosTryOut/src/install/voice_command_node/share/voice_command_node/hook/ros_package_path.ps1'
[1.033s] INFO:colcon.colcon_core.shell:Creating environment descriptor '/workspaces/RosTryOut/src/install/voice_command_node/share/voice_command_node/hook/ros_package_path.dsv'
[1.034s] INFO:colcon.colcon_core.shell:Creating environment hook '/workspaces/RosTryOut/src/install/voice_command_node/share/voice_command_node/hook/ros_package_path.sh'
[1.034s] Level 1:colcon.colcon_core.shell:create_environment_hook('voice_command_node', 'pkg_config_path')
[1.034s] INFO:colcon.colcon_core.shell:Creating environment hook '/workspaces/RosTryOut/src/install/voice_command_node/share/voice_command_node/hook/pkg_config_path.ps1'
[1.035s] INFO:colcon.colcon_core.shell:Creating environment descriptor '/workspaces/RosTryOut/src/install/voice_command_node/share/voice_command_node/hook/pkg_config_path.dsv'
[1.035s] INFO:colcon.colcon_core.shell:Creating environment hook '/workspaces/RosTryOut/src/install/voice_command_node/share/voice_command_node/hook/pkg_config_path.sh'
[1.035s] Level 1:colcon.colcon_core.shell:create_environment_hook('voice_command_node', 'pkg_config_path_multiarch')
[1.035s] INFO:colcon.colcon_core.shell:Creating environment hook '/workspaces/RosTryOut/src/install/voice_command_node/share/voice_command_node/hook/pkg_config_path_multiarch.ps1'
[1.036s] INFO:colcon.colcon_core.shell:Creating environment descriptor '/workspaces/RosTryOut/src/install/voice_command_node/share/voice_command_node/hook/pkg_config_path_multiarch.dsv'
[1.036s] INFO:colcon.colcon_core.shell:Creating environment hook '/workspaces/RosTryOut/src/install/voice_command_node/share/voice_command_node/hook/pkg_config_path_multiarch.sh'
[1.037s] Level 1:colcon.colcon_core.environment:create_environment_scripts_only(voice_command_node)
[1.037s] Level 1:colcon.colcon_core.environment:checking '/workspaces/RosTryOut/src/install/voice_command_node' for CMake module files
[1.038s] Level 1:colcon.colcon_core.environment:checking '/workspaces/RosTryOut/src/install/voice_command_node' for CMake config files
[1.039s] Level 1:colcon.colcon_core.shell:create_environment_hook('voice_command_node', 'cmake_prefix_path')
[1.039s] INFO:colcon.colcon_core.shell:Creating environment hook '/workspaces/RosTryOut/src/install/voice_command_node/share/voice_command_node/hook/cmake_prefix_path.ps1'
[1.040s] INFO:colcon.colcon_core.shell:Creating environment descriptor '/workspaces/RosTryOut/src/install/voice_command_node/share/voice_command_node/hook/cmake_prefix_path.dsv'
[1.040s] INFO:colcon.colcon_core.shell:Creating environment hook '/workspaces/RosTryOut/src/install/voice_command_node/share/voice_command_node/hook/cmake_prefix_path.sh'
[1.040s] Level 1:colcon.colcon_core.environment:checking '/workspaces/RosTryOut/src/install/voice_command_node/lib'
[1.041s] Level 1:colcon.colcon_core.environment:checking '/workspaces/RosTryOut/src/install/voice_command_node/bin'
[1.041s] Level 1:colcon.colcon_core.environment:checking '/workspaces/RosTryOut/src/install/voice_command_node/lib/pkgconfig/voice_command_node.pc'
[1.041s] Level 1:colcon.colcon_core.environment:checking '/workspaces/RosTryOut/src/install/voice_command_node/lib/python3.10/site-packages'
[1.041s] Level 1:colcon.colcon_core.environment:checking '/workspaces/RosTryOut/src/install/voice_command_node/bin'
[1.041s] INFO:colcon.colcon_core.shell:Creating package script '/workspaces/RosTryOut/src/install/voice_command_node/share/voice_command_node/package.ps1'
[1.042s] INFO:colcon.colcon_core.shell:Creating package descriptor '/workspaces/RosTryOut/src/install/voice_command_node/share/voice_command_node/package.dsv'
[1.042s] INFO:colcon.colcon_core.shell:Creating package script '/workspaces/RosTryOut/src/install/voice_command_node/share/voice_command_node/package.sh'
[1.044s] INFO:colcon.colcon_core.shell:Creating package script '/workspaces/RosTryOut/src/install/voice_command_node/share/voice_command_node/package.bash'
[1.044s] INFO:colcon.colcon_core.shell:Creating package script '/workspaces/RosTryOut/src/install/voice_command_node/share/voice_command_node/package.zsh'
[1.044s] Level 1:colcon.colcon_core.environment:create_file_with_runtime_dependencies(/workspaces/RosTryOut/src/install/voice_command_node/share/colcon-core/packages/voice_command_node)
[1.045s] DEBUG:colcon.colcon_parallel_executor.executor.parallel:closing loop
[1.046s] DEBUG:colcon.colcon_parallel_executor.executor.parallel:loop closed
[1.046s] DEBUG:colcon.colcon_parallel_executor.executor.parallel:run_until_complete finished with '0'
[1.046s] DEBUG:colcon.colcon_core.event_reactor:joining thread
[1.056s] INFO:colcon.colcon_core.plugin_system:Skipping extension 'colcon_notification.desktop_notification.notify_send': Could not find 'notify-send'
[1.056s] INFO:colcon.colcon_core.plugin_system:Skipping extension 'colcon_notification.desktop_notification.terminal_notifier': Not used on non-Darwin systems
[1.056s] INFO:colcon.colcon_core.plugin_system:Skipping extension 'colcon_notification.desktop_notification.win32': Not used on non-Windows systems
[1.056s] INFO:colcon.colcon_notification.desktop_notification:Sending desktop notification using 'notify2'
[1.057s] DEBUG:colcon.colcon_notification.desktop_notification.notify2:Failed to initialize notify2: org.freedesktop.DBus.Error.Spawn.ExecFailed: /usr/bin/dbus-launch terminated abnormally without any error message
[1.057s] DEBUG:colcon.colcon_core.event_reactor:joined thread
[1.057s] INFO:colcon.colcon_core.shell:Creating prefix script '/workspaces/RosTryOut/src/install/local_setup.ps1'
[1.058s] INFO:colcon.colcon_core.shell:Creating prefix util module '/workspaces/RosTryOut/src/install/_local_setup_util_ps1.py'
[1.060s] INFO:colcon.colcon_core.shell:Creating prefix chain script '/workspaces/RosTryOut/src/install/setup.ps1'
[1.061s] INFO:colcon.colcon_core.shell:Creating prefix script '/workspaces/RosTryOut/src/install/local_setup.sh'
[1.061s] INFO:colcon.colcon_core.shell:Creating prefix util module '/workspaces/RosTryOut/src/install/_local_setup_util_sh.py'
[1.061s] INFO:colcon.colcon_core.shell:Creating prefix chain script '/workspaces/RosTryOut/src/install/setup.sh'
[1.062s] INFO:colcon.colcon_core.shell:Creating prefix script '/workspaces/RosTryOut/src/install/local_setup.bash'
[1.063s] INFO:colcon.colcon_core.shell:Creating prefix chain script '/workspaces/RosTryOut/src/install/setup.bash'
[1.063s] INFO:colcon.colcon_core.shell:Creating prefix script '/workspaces/RosTryOut/src/install/local_setup.zsh'
[1.064s] INFO:colcon.colcon_core.shell:Creating prefix chain script '/workspaces/RosTryOut/src/install/setup.zsh'
