[0.023s] Invoking command in '/workspaces/RosTryOut/build/voice_command_node': /usr/bin/cmake --build /workspaces/RosTryOut/build/voice_command_node -- -j8 -l8
[0.052s] Invoked command in '/workspaces/RosTryOut/build/voice_command_node' returned '0': /usr/bin/cmake --build /workspaces/RosTryOut/build/voice_command_node -- -j8 -l8
[0.057s] Invoking command in '/workspaces/RosTryOut/build/voice_command_node': /usr/bin/cmake --install /workspaces/RosTryOut/build/voice_command_node
[0.065s] -- Install configuration: ""
[0.067s] -- Up-to-date: /workspaces/RosTryOut/install/voice_command_node/lib/voice_command_node/voice_control.py
[0.067s] -- Up-to-date: /workspaces/RosTryOut/install/voice_command_node/share/ament_index/resource_index/package_run_dependencies/voice_command_node
[0.067s] -- Up-to-date: /workspaces/RosTryOut/install/voice_command_node/share/ament_index/resource_index/parent_prefix_path/voice_command_node
[0.068s] -- Up-to-date: /workspaces/RosTryOut/install/voice_command_node/share/voice_command_node/environment/ament_prefix_path.sh
[0.068s] -- Up-to-date: /workspaces/RosTryOut/install/voice_command_node/share/voice_command_node/environment/ament_prefix_path.dsv
[0.069s] -- Up-to-date: /workspaces/RosTryOut/install/voice_command_node/share/voice_command_node/environment/path.sh
[0.069s] -- Up-to-date: /workspaces/RosTryOut/install/voice_command_node/share/voice_command_node/environment/path.dsv
[0.069s] -- Up-to-date: /workspaces/RosTryOut/install/voice_command_node/share/voice_command_node/local_setup.bash
[0.070s] -- Up-to-date: /workspaces/RosTryOut/install/voice_command_node/share/voice_command_node/local_setup.sh
[0.070s] -- Up-to-date: /workspaces/RosTryOut/install/voice_command_node/share/voice_command_node/local_setup.zsh
[0.071s] -- Up-to-date: /workspaces/RosTryOut/install/voice_command_node/share/voice_command_node/local_setup.dsv
[0.072s] -- Up-to-date: /workspaces/RosTryOut/install/voice_command_node/share/voice_command_node/package.dsv
[0.072s] -- Up-to-date: /workspaces/RosTryOut/install/voice_command_node/share/ament_index/resource_index/packages/voice_command_node
[0.074s] -- Up-to-date: /workspaces/RosTryOut/install/voice_command_node/share/voice_command_node/cmake/voice_command_nodeConfig.cmake
[0.074s] -- Up-to-date: /workspaces/RosTryOut/install/voice_command_node/share/voice_command_node/cmake/voice_command_nodeConfig-version.cmake
[0.074s] -- Up-to-date: /workspaces/RosTryOut/install/voice_command_node/share/voice_command_node/package.xml
[0.087s] Invoked command in '/workspaces/RosTryOut/build/voice_command_node' returned '0': /usr/bin/cmake --install /workspaces/RosTryOut/build/voice_command_node
