[0.017s] Invoking command in '/workspaces/RosTryOut/build/robot_description': /usr/bin/cmake /workspaces/RosTryOut/src/robot_description -DCATKIN_INSTALL_INTO_PREFIX_ROOT=0 -DCMAKE_INSTALL_PREFIX=/workspaces/RosTryOut/install/robot_description
[0.163s] -- The C compiler identification is GNU 11.4.0
[0.243s] -- The CXX compiler identification is GNU 11.4.0
[0.256s] -- Detecting C compiler ABI info
[0.339s] -- Detecting C compiler ABI info - done
[0.343s] -- Check for working C compiler: /usr/bin/cc - skipped
[0.344s] -- Detecting C compile features
[0.346s] -- Detecting C compile features - done
[0.349s] -- Detecting CXX compiler ABI info
[0.454s] -- Detecting CXX compiler ABI info - done
[0.463s] -- Check for working CXX compiler: /usr/bin/c++ - skipped
[0.464s] -- Detecting CXX compile features
[0.465s] -- Detecting CXX compile features - done
[0.474s] -- Found ament_cmake: 1.3.11 (/opt/ros/humble/share/ament_cmake/cmake)
[0.547s] -- Found Python3: /usr/bin/python3 (found version "3.10.12") found components: Interpreter 
[0.655s] -- Configuring done
[0.672s] -- Generating done
[0.675s] [33mCMake Warning:
[0.676s]   Manually-specified variables were not used by the project:
[0.676s] 
[0.676s]     CATKIN_INSTALL_INTO_PREFIX_ROOT
[0.677s] 
[0.677s] [0m
[0.683s] -- Build files have been written to: /workspaces/RosTryOut/build/robot_description
[0.684s] Invoked command in '/workspaces/RosTryOut/build/robot_description' returned '0': /usr/bin/cmake /workspaces/RosTryOut/src/robot_description -DCATKIN_INSTALL_INTO_PREFIX_ROOT=0 -DCMAKE_INSTALL_PREFIX=/workspaces/RosTryOut/install/robot_description
[0.686s] Invoking command in '/workspaces/RosTryOut/build/robot_description': /usr/bin/cmake --build /workspaces/RosTryOut/build/robot_description -- -j8 -l8
[0.704s] Invoked command in '/workspaces/RosTryOut/build/robot_description' returned '0': /usr/bin/cmake --build /workspaces/RosTryOut/build/robot_description -- -j8 -l8
[0.711s] Invoking command in '/workspaces/RosTryOut/build/robot_description': /usr/bin/cmake --install /workspaces/RosTryOut/build/robot_description
[0.720s] -- Install configuration: ""
[0.720s] -- Installing: /workspaces/RosTryOut/install/robot_description/share/robot_description/urdf
[0.721s] -- Installing: /workspaces/RosTryOut/install/robot_description/share/robot_description/urdf/mobile_robot.urdf.xacro 
[0.731s] -- Installing: /workspaces/RosTryOut/install/robot_description/share/ament_index/resource_index/package_run_dependencies/robot_description
[0.737s] -- Installing: /workspaces/RosTryOut/install/robot_description/share/ament_index/resource_index/parent_prefix_path/robot_description
[0.743s] -- Installing: /workspaces/RosTryOut/install/robot_description/share/robot_description/environment/ament_prefix_path.sh
[0.747s] -- Installing: /workspaces/RosTryOut/install/robot_description/share/robot_description/environment/ament_prefix_path.dsv
[0.752s] -- Installing: /workspaces/RosTryOut/install/robot_description/share/robot_description/environment/path.sh
[0.755s] -- Installing: /workspaces/RosTryOut/install/robot_description/share/robot_description/environment/path.dsv
[0.758s] -- Installing: /workspaces/RosTryOut/install/robot_description/share/robot_description/local_setup.bash
[0.761s] -- Installing: /workspaces/RosTryOut/install/robot_description/share/robot_description/local_setup.sh
[0.765s] -- Installing: /workspaces/RosTryOut/install/robot_description/share/robot_description/local_setup.zsh
[0.768s] -- Installing: /workspaces/RosTryOut/install/robot_description/share/robot_description/local_setup.dsv
[0.771s] -- Installing: /workspaces/RosTryOut/install/robot_description/share/robot_description/package.dsv
[0.776s] -- Installing: /workspaces/RosTryOut/install/robot_description/share/ament_index/resource_index/packages/robot_description
[0.779s] -- Installing: /workspaces/RosTryOut/install/robot_description/share/robot_description/cmake/robot_descriptionConfig.cmake
[0.783s] -- Installing: /workspaces/RosTryOut/install/robot_description/share/robot_description/cmake/robot_descriptionConfig-version.cmake
[0.786s] -- Installing: /workspaces/RosTryOut/install/robot_description/share/robot_description/package.xml
[0.797s] Invoked command in '/workspaces/RosTryOut/build/robot_description' returned '0': /usr/bin/cmake --install /workspaces/RosTryOut/build/robot_description
