[0.022s] Invoking command in '/workspaces/RosTryOut/build/robot_description': /usr/bin/cmake --build /workspaces/RosTryOut/build/robot_description -- -j8 -l8
[0.082s] Invoked command in '/workspaces/RosTryOut/build/robot_description' returned '0': /usr/bin/cmake --build /workspaces/RosTryOut/build/robot_description -- -j8 -l8
[0.085s] Invoking command in '/workspaces/RosTryOut/build/robot_description': /usr/bin/cmake --install /workspaces/RosTryOut/build/robot_description
[0.108s] -- Install configuration: ""
[0.109s] -- Up-to-date: /workspaces/RosTryOut/install/robot_description/share/robot_description/urdf
[0.111s] -- Up-to-date: /workspaces/RosTryOut/install/robot_description/share/robot_description/urdf/mobile_robot.urdf.xacro 
[0.111s] -- Up-to-date: /workspaces/RosTryOut/install/robot_description/share/ament_index/resource_index/package_run_dependencies/robot_description
[0.111s] -- Up-to-date: /workspaces/RosTryOut/install/robot_description/share/ament_index/resource_index/parent_prefix_path/robot_description
[0.111s] -- Up-to-date: /workspaces/RosTryOut/install/robot_description/share/robot_description/environment/ament_prefix_path.sh
[0.112s] -- Up-to-date: /workspaces/RosTryOut/install/robot_description/share/robot_description/environment/ament_prefix_path.dsv
[0.112s] -- Up-to-date: /workspaces/RosTryOut/install/robot_description/share/robot_description/environment/path.sh
[0.112s] -- Up-to-date: /workspaces/RosTryOut/install/robot_description/share/robot_description/environment/path.dsv
[0.113s] -- Up-to-date: /workspaces/RosTryOut/install/robot_description/share/robot_description/local_setup.bash
[0.113s] -- Up-to-date: /workspaces/RosTryOut/install/robot_description/share/robot_description/local_setup.sh
[0.114s] -- Up-to-date: /workspaces/RosTryOut/install/robot_description/share/robot_description/local_setup.zsh
[0.114s] -- Up-to-date: /workspaces/RosTryOut/install/robot_description/share/robot_description/local_setup.dsv
[0.115s] -- Installing: /workspaces/RosTryOut/install/robot_description/share/robot_description/package.dsv
[0.117s] -- Up-to-date: /workspaces/RosTryOut/install/robot_description/share/ament_index/resource_index/packages/robot_description
[0.117s] -- Up-to-date: /workspaces/RosTryOut/install/robot_description/share/robot_description/cmake/robot_descriptionConfig.cmake
[0.117s] -- Up-to-date: /workspaces/RosTryOut/install/robot_description/share/robot_description/cmake/robot_descriptionConfig-version.cmake
[0.118s] -- Up-to-date: /workspaces/RosTryOut/install/robot_description/share/robot_description/package.xml
[0.127s] Invoked command in '/workspaces/RosTryOut/build/robot_description' returned '0': /usr/bin/cmake --install /workspaces/RosTryOut/build/robot_description
