[0.013s] Invoking command in '/workspaces/RosTryOut/build/robot_description': /usr/bin/cmake --build /workspaces/RosTryOut/build/robot_description -- -j8 -l8
[0.046s] Invoked command in '/workspaces/RosTryOut/build/robot_description' returned '0': /usr/bin/cmake --build /workspaces/RosTryOut/build/robot_description -- -j8 -l8
[0.053s] Invoking command in '/workspaces/RosTryOut/build/robot_description': /usr/bin/cmake --install /workspaces/RosTryOut/build/robot_description
[0.057s] -- Install configuration: ""
[0.058s] -- Up-to-date: /workspaces/RosTryOut/install/robot_description/share/robot_description/urdf
[0.058s] -- Up-to-date: /workspaces/RosTryOut/install/robot_description/share/robot_description/urdf/mobile_robot.urdf.xacro 
[0.059s] -- Up-to-date: /workspaces/RosTryOut/install/robot_description/share/ament_index/resource_index/package_run_dependencies/robot_description
[0.061s] -- Up-to-date: /workspaces/RosTryOut/install/robot_description/share/ament_index/resource_index/parent_prefix_path/robot_description
[0.061s] -- Up-to-date: /workspaces/RosTryOut/install/robot_description/share/robot_description/environment/ament_prefix_path.sh
[0.062s] -- Up-to-date: /workspaces/RosTryOut/install/robot_description/share/robot_description/environment/ament_prefix_path.dsv
[0.062s] -- Up-to-date: /workspaces/RosTryOut/install/robot_description/share/robot_description/environment/path.sh
[0.064s] -- Up-to-date: /workspaces/RosTryOut/install/robot_description/share/robot_description/environment/path.dsv
[0.064s] -- Up-to-date: /workspaces/RosTryOut/install/robot_description/share/robot_description/local_setup.bash
[0.065s] -- Up-to-date: /workspaces/RosTryOut/install/robot_description/share/robot_description/local_setup.sh
[0.065s] -- Up-to-date: /workspaces/RosTryOut/install/robot_description/share/robot_description/local_setup.zsh
[0.066s] -- Up-to-date: /workspaces/RosTryOut/install/robot_description/share/robot_description/local_setup.dsv
[0.066s] -- Up-to-date: /workspaces/RosTryOut/install/robot_description/share/robot_description/package.dsv
[0.067s] -- Up-to-date: /workspaces/RosTryOut/install/robot_description/share/ament_index/resource_index/packages/robot_description
[0.067s] -- Up-to-date: /workspaces/RosTryOut/install/robot_description/share/robot_description/cmake/robot_descriptionConfig.cmake
[0.069s] -- Up-to-date: /workspaces/RosTryOut/install/robot_description/share/robot_description/cmake/robot_descriptionConfig-version.cmake
[0.070s] -- Up-to-date: /workspaces/RosTryOut/install/robot_description/share/robot_description/package.xml
[0.070s] Invoked command in '/workspaces/RosTryOut/build/robot_description' returned '0': /usr/bin/cmake --install /workspaces/RosTryOut/build/robot_description
