[0.061s] DEBUG:colcon:Command line arguments: ['/usr/bin/colcon', 'build']
[0.061s] DEBUG:colcon:Parsed command line arguments: Namespace(log_base=None, log_level=None, verb_name='build', build_base='build', install_base='install', merge_install=False, symlink_install=False, test_result_base=None, continue_on_error=False, executor='parallel', parallel_workers=8, event_handlers=None, ignore_user_meta=False, metas=['./colcon.meta'], base_paths=['.'], packages_ignore=None, packages_ignore_regex=None, paths=None, packages_up_to=None, packages_up_to_regex=None, packages_above=None, packages_above_and_dependencies=None, packages_above_depth=None, packages_select_by_dep=None, packages_skip_by_dep=None, packages_skip_up_to=None, packages_select_build_failed=False, packages_skip_build_finished=False, packages_select_test_failures=False, packages_skip_test_passed=False, packages_select=None, packages_skip=None, packages_select_regex=None, packages_skip_regex=None, packages_start=None, packages_end=None, cmake_args=None, cmake_target=None, cmake_target_skip_unavailable=False, cmake_clean_cache=False, cmake_clean_first=False, cmake_force_configure=False, ament_cmake_args=None, catkin_cmake_args=None, catkin_skip_building_tests=False, mixin_files=None, mixin=None, verb_parser=<colcon_mixin.mixin.mixin_argument.MixinArgumentDecorator object at 0xffffb8113700>, verb_extension=<colcon_core.verb.build.BuildVerb object at 0xffffb8113130>, main=<bound method BuildVerb.main of <colcon_core.verb.build.BuildVerb object at 0xffffb8113130>>, mixin_verb=('build',))
[0.117s] Level 1:colcon.colcon_core.package_discovery:discover_packages(colcon_meta) check parameters
[0.117s] Level 1:colcon.colcon_core.package_discovery:discover_packages(recursive) check parameters
[0.117s] Level 1:colcon.colcon_core.package_discovery:discover_packages(ignore) check parameters
[0.117s] Level 1:colcon.colcon_core.package_discovery:discover_packages(path) check parameters
[0.117s] Level 1:colcon.colcon_core.package_discovery:discover_packages(colcon_meta) discover
[0.117s] Level 1:colcon.colcon_core.package_discovery:discover_packages(recursive) discover
[0.117s] INFO:colcon.colcon_core.package_discovery:Crawling recursively for packages in '/workspaces/RosTryOut'
[0.118s] Level 1:colcon.colcon_core.package_identification:_identify(.) by extensions ['ignore', 'ignore_ament_install']
[0.118s] Level 1:colcon.colcon_core.package_identification:_identify(.) by extension 'ignore'
[0.118s] Level 1:colcon.colcon_core.package_identification:_identify(.) by extension 'ignore_ament_install'
[0.118s] Level 1:colcon.colcon_core.package_identification:_identify(.) by extensions ['colcon_pkg']
[0.118s] Level 1:colcon.colcon_core.package_identification:_identify(.) by extension 'colcon_pkg'
[0.118s] Level 1:colcon.colcon_core.package_identification:_identify(.) by extensions ['colcon_meta']
[0.118s] Level 1:colcon.colcon_core.package_identification:_identify(.) by extension 'colcon_meta'
[0.118s] Level 1:colcon.colcon_core.package_identification:_identify(.) by extensions ['ros']
[0.118s] Level 1:colcon.colcon_core.package_identification:_identify(.) by extension 'ros'
[0.124s] Level 1:colcon.colcon_core.package_identification:_identify(.) by extensions ['cmake', 'python']
[0.124s] Level 1:colcon.colcon_core.package_identification:_identify(.) by extension 'cmake'
[0.124s] Level 1:colcon.colcon_core.package_identification:_identify(.) by extension 'python'
[0.125s] Level 1:colcon.colcon_core.package_identification:_identify(.) by extensions ['python_setup_py']
[0.125s] Level 1:colcon.colcon_core.package_identification:_identify(.) by extension 'python_setup_py'
[0.125s] Level 1:colcon.colcon_core.package_identification:_identify(build) by extensions ['ignore', 'ignore_ament_install']
[0.125s] Level 1:colcon.colcon_core.package_identification:_identify(build) by extension 'ignore'
[0.125s] Level 1:colcon.colcon_core.package_identification:_identify(build) ignored
[0.125s] Level 1:colcon.colcon_core.package_identification:_identify(install) by extensions ['ignore', 'ignore_ament_install']
[0.125s] Level 1:colcon.colcon_core.package_identification:_identify(install) by extension 'ignore'
[0.125s] Level 1:colcon.colcon_core.package_identification:_identify(install) ignored
[0.126s] Level 1:colcon.colcon_core.package_identification:_identify(log) by extensions ['ignore', 'ignore_ament_install']
[0.126s] Level 1:colcon.colcon_core.package_identification:_identify(log) by extension 'ignore'
[0.126s] Level 1:colcon.colcon_core.package_identification:_identify(log) ignored
[0.126s] Level 1:colcon.colcon_core.package_identification:_identify(src) by extensions ['ignore', 'ignore_ament_install']
[0.126s] Level 1:colcon.colcon_core.package_identification:_identify(src) by extension 'ignore'
[0.126s] Level 1:colcon.colcon_core.package_identification:_identify(src) by extension 'ignore_ament_install'
[0.126s] Level 1:colcon.colcon_core.package_identification:_identify(src) by extensions ['colcon_pkg']
[0.126s] Level 1:colcon.colcon_core.package_identification:_identify(src) by extension 'colcon_pkg'
[0.126s] Level 1:colcon.colcon_core.package_identification:_identify(src) by extensions ['colcon_meta']
[0.126s] Level 1:colcon.colcon_core.package_identification:_identify(src) by extension 'colcon_meta'
[0.126s] Level 1:colcon.colcon_core.package_identification:_identify(src) by extensions ['ros']
[0.126s] Level 1:colcon.colcon_core.package_identification:_identify(src) by extension 'ros'
[0.126s] Level 1:colcon.colcon_core.package_identification:_identify(src) by extensions ['cmake', 'python']
[0.126s] Level 1:colcon.colcon_core.package_identification:_identify(src) by extension 'cmake'
[0.126s] Level 1:colcon.colcon_core.package_identification:_identify(src) by extension 'python'
[0.127s] Level 1:colcon.colcon_core.package_identification:_identify(src) by extensions ['python_setup_py']
[0.127s] Level 1:colcon.colcon_core.package_identification:_identify(src) by extension 'python_setup_py'
[0.127s] Level 1:colcon.colcon_core.package_identification:_identify(src/robot_description) by extensions ['ignore', 'ignore_ament_install']
[0.127s] Level 1:colcon.colcon_core.package_identification:_identify(src/robot_description) by extension 'ignore'
[0.127s] Level 1:colcon.colcon_core.package_identification:_identify(src/robot_description) by extension 'ignore_ament_install'
[0.127s] Level 1:colcon.colcon_core.package_identification:_identify(src/robot_description) by extensions ['colcon_pkg']
[0.127s] Level 1:colcon.colcon_core.package_identification:_identify(src/robot_description) by extension 'colcon_pkg'
[0.127s] Level 1:colcon.colcon_core.package_identification:_identify(src/robot_description) by extensions ['colcon_meta']
[0.127s] Level 1:colcon.colcon_core.package_identification:_identify(src/robot_description) by extension 'colcon_meta'
[0.127s] Level 1:colcon.colcon_core.package_identification:_identify(src/robot_description) by extensions ['ros']
[0.127s] Level 1:colcon.colcon_core.package_identification:_identify(src/robot_description) by extension 'ros'
[0.129s] DEBUG:colcon.colcon_core.package_identification:Package 'src/robot_description' with type 'ros.catkin' and name 'robot_description'
[0.129s] Level 1:colcon.colcon_core.package_identification:_identify(src/robot_simulation) by extensions ['ignore', 'ignore_ament_install']
[0.130s] Level 1:colcon.colcon_core.package_identification:_identify(src/robot_simulation) by extension 'ignore'
[0.130s] Level 1:colcon.colcon_core.package_identification:_identify(src/robot_simulation) by extension 'ignore_ament_install'
[0.130s] Level 1:colcon.colcon_core.package_identification:_identify(src/robot_simulation) by extensions ['colcon_pkg']
[0.130s] Level 1:colcon.colcon_core.package_identification:_identify(src/robot_simulation) by extension 'colcon_pkg'
[0.130s] Level 1:colcon.colcon_core.package_identification:_identify(src/robot_simulation) by extensions ['colcon_meta']
[0.130s] Level 1:colcon.colcon_core.package_identification:_identify(src/robot_simulation) by extension 'colcon_meta'
[0.130s] Level 1:colcon.colcon_core.package_identification:_identify(src/robot_simulation) by extensions ['ros']
[0.130s] Level 1:colcon.colcon_core.package_identification:_identify(src/robot_simulation) by extension 'ros'
[0.130s] Level 1:colcon.colcon_core.package_identification:_identify(src/robot_simulation) by extensions ['cmake', 'python']
[0.130s] Level 1:colcon.colcon_core.package_identification:_identify(src/robot_simulation) by extension 'cmake'
[0.130s] Level 1:colcon.colcon_core.package_identification:_identify(src/robot_simulation) by extension 'python'
[0.130s] Level 1:colcon.colcon_core.package_identification:_identify(src/robot_simulation) by extensions ['python_setup_py']
[0.130s] Level 1:colcon.colcon_core.package_identification:_identify(src/robot_simulation) by extension 'python_setup_py'
[0.130s] Level 1:colcon.colcon_core.package_identification:_identify(src/robot_simulation/launch) by extensions ['ignore', 'ignore_ament_install']
[0.130s] Level 1:colcon.colcon_core.package_identification:_identify(src/robot_simulation/launch) by extension 'ignore'
[0.131s] Level 1:colcon.colcon_core.package_identification:_identify(src/robot_simulation/launch) by extension 'ignore_ament_install'
[0.131s] Level 1:colcon.colcon_core.package_identification:_identify(src/robot_simulation/launch) by extensions ['colcon_pkg']
[0.131s] Level 1:colcon.colcon_core.package_identification:_identify(src/robot_simulation/launch) by extension 'colcon_pkg'
[0.131s] Level 1:colcon.colcon_core.package_identification:_identify(src/robot_simulation/launch) by extensions ['colcon_meta']
[0.131s] Level 1:colcon.colcon_core.package_identification:_identify(src/robot_simulation/launch) by extension 'colcon_meta'
[0.131s] Level 1:colcon.colcon_core.package_identification:_identify(src/robot_simulation/launch) by extensions ['ros']
[0.131s] Level 1:colcon.colcon_core.package_identification:_identify(src/robot_simulation/launch) by extension 'ros'
[0.131s] Level 1:colcon.colcon_core.package_identification:_identify(src/robot_simulation/launch) by extensions ['cmake', 'python']
[0.131s] Level 1:colcon.colcon_core.package_identification:_identify(src/robot_simulation/launch) by extension 'cmake'
[0.131s] Level 1:colcon.colcon_core.package_identification:_identify(src/robot_simulation/launch) by extension 'python'
[0.131s] Level 1:colcon.colcon_core.package_identification:_identify(src/robot_simulation/launch) by extensions ['python_setup_py']
[0.131s] Level 1:colcon.colcon_core.package_identification:_identify(src/robot_simulation/launch) by extension 'python_setup_py'
[0.131s] Level 1:colcon.colcon_core.package_identification:_identify(src/robot_simulation/worlds) by extensions ['ignore', 'ignore_ament_install']
[0.131s] Level 1:colcon.colcon_core.package_identification:_identify(src/robot_simulation/worlds) by extension 'ignore'
[0.131s] Level 1:colcon.colcon_core.package_identification:_identify(src/robot_simulation/worlds) by extension 'ignore_ament_install'
[0.131s] Level 1:colcon.colcon_core.package_identification:_identify(src/robot_simulation/worlds) by extensions ['colcon_pkg']
[0.131s] Level 1:colcon.colcon_core.package_identification:_identify(src/robot_simulation/worlds) by extension 'colcon_pkg'
[0.132s] Level 1:colcon.colcon_core.package_identification:_identify(src/robot_simulation/worlds) by extensions ['colcon_meta']
[0.132s] Level 1:colcon.colcon_core.package_identification:_identify(src/robot_simulation/worlds) by extension 'colcon_meta'
[0.132s] Level 1:colcon.colcon_core.package_identification:_identify(src/robot_simulation/worlds) by extensions ['ros']
[0.132s] Level 1:colcon.colcon_core.package_identification:_identify(src/robot_simulation/worlds) by extension 'ros'
[0.132s] Level 1:colcon.colcon_core.package_identification:_identify(src/robot_simulation/worlds) by extensions ['cmake', 'python']
[0.132s] Level 1:colcon.colcon_core.package_identification:_identify(src/robot_simulation/worlds) by extension 'cmake'
[0.132s] Level 1:colcon.colcon_core.package_identification:_identify(src/robot_simulation/worlds) by extension 'python'
[0.132s] Level 1:colcon.colcon_core.package_identification:_identify(src/robot_simulation/worlds) by extensions ['python_setup_py']
[0.132s] Level 1:colcon.colcon_core.package_identification:_identify(src/robot_simulation/worlds) by extension 'python_setup_py'
[0.132s] Level 1:colcon.colcon_core.package_identification:_identify(src/speech_to_text) by extensions ['ignore', 'ignore_ament_install']
[0.132s] Level 1:colcon.colcon_core.package_identification:_identify(src/speech_to_text) by extension 'ignore'
[0.132s] Level 1:colcon.colcon_core.package_identification:_identify(src/speech_to_text) by extension 'ignore_ament_install'
[0.132s] Level 1:colcon.colcon_core.package_identification:_identify(src/speech_to_text) by extensions ['colcon_pkg']
[0.132s] Level 1:colcon.colcon_core.package_identification:_identify(src/speech_to_text) by extension 'colcon_pkg'
[0.133s] Level 1:colcon.colcon_core.package_identification:_identify(src/speech_to_text) by extensions ['colcon_meta']
[0.133s] Level 1:colcon.colcon_core.package_identification:_identify(src/speech_to_text) by extension 'colcon_meta'
[0.133s] Level 1:colcon.colcon_core.package_identification:_identify(src/speech_to_text) by extensions ['ros']
[0.133s] Level 1:colcon.colcon_core.package_identification:_identify(src/speech_to_text) by extension 'ros'
[0.133s] DEBUG:colcon.colcon_core.package_identification:Package 'src/speech_to_text' with type 'ros.catkin' and name 'speech_to_text'
[0.133s] Level 1:colcon.colcon_core.package_identification:_identify(src/voice_command_node) by extensions ['ignore', 'ignore_ament_install']
[0.133s] Level 1:colcon.colcon_core.package_identification:_identify(src/voice_command_node) by extension 'ignore'
[0.133s] Level 1:colcon.colcon_core.package_identification:_identify(src/voice_command_node) by extension 'ignore_ament_install'
[0.133s] Level 1:colcon.colcon_core.package_identification:_identify(src/voice_command_node) by extensions ['colcon_pkg']
[0.133s] Level 1:colcon.colcon_core.package_identification:_identify(src/voice_command_node) by extension 'colcon_pkg'
[0.134s] Level 1:colcon.colcon_core.package_identification:_identify(src/voice_command_node) by extensions ['colcon_meta']
[0.134s] Level 1:colcon.colcon_core.package_identification:_identify(src/voice_command_node) by extension 'colcon_meta'
[0.134s] Level 1:colcon.colcon_core.package_identification:_identify(src/voice_command_node) by extensions ['ros']
[0.134s] Level 1:colcon.colcon_core.package_identification:_identify(src/voice_command_node) by extension 'ros'
[0.134s] DEBUG:colcon.colcon_core.package_identification:Package 'src/voice_command_node' with type 'ros.catkin' and name 'voice_command_node'
[0.134s] Level 1:colcon.colcon_core.package_discovery:discover_packages(recursive) using defaults
[0.134s] Level 1:colcon.colcon_core.package_discovery:discover_packages(ignore) discover
[0.134s] Level 1:colcon.colcon_core.package_discovery:discover_packages(ignore) using defaults
[0.134s] Level 1:colcon.colcon_core.package_discovery:discover_packages(path) discover
[0.134s] Level 1:colcon.colcon_core.package_discovery:discover_packages(path) using defaults
[0.145s] Level 5:colcon.colcon_core.verb:set package 'robot_description' build argument 'cmake_args' from command line to 'None'
[0.146s] Level 5:colcon.colcon_core.verb:set package 'robot_description' build argument 'cmake_target' from command line to 'None'
[0.146s] Level 5:colcon.colcon_core.verb:set package 'robot_description' build argument 'cmake_target_skip_unavailable' from command line to 'False'
[0.146s] Level 5:colcon.colcon_core.verb:set package 'robot_description' build argument 'cmake_clean_cache' from command line to 'False'
[0.146s] Level 5:colcon.colcon_core.verb:set package 'robot_description' build argument 'cmake_clean_first' from command line to 'False'
[0.146s] Level 5:colcon.colcon_core.verb:set package 'robot_description' build argument 'cmake_force_configure' from command line to 'False'
[0.146s] Level 5:colcon.colcon_core.verb:set package 'robot_description' build argument 'ament_cmake_args' from command line to 'None'
[0.146s] Level 5:colcon.colcon_core.verb:set package 'robot_description' build argument 'catkin_cmake_args' from command line to 'None'
[0.146s] Level 5:colcon.colcon_core.verb:set package 'robot_description' build argument 'catkin_skip_building_tests' from command line to 'False'
[0.146s] DEBUG:colcon.colcon_core.verb:Building package 'robot_description' with the following arguments: {'ament_cmake_args': None, 'build_base': '/workspaces/RosTryOut/build/robot_description', 'catkin_cmake_args': None, 'catkin_skip_building_tests': False, 'cmake_args': None, 'cmake_clean_cache': False, 'cmake_clean_first': False, 'cmake_force_configure': False, 'cmake_target': None, 'cmake_target_skip_unavailable': False, 'install_base': '/workspaces/RosTryOut/install/robot_description', 'merge_install': False, 'path': '/workspaces/RosTryOut/src/robot_description', 'symlink_install': False, 'test_result_base': None}
[0.146s] Level 5:colcon.colcon_core.verb:set package 'speech_to_text' build argument 'cmake_args' from command line to 'None'
[0.146s] Level 5:colcon.colcon_core.verb:set package 'speech_to_text' build argument 'cmake_target' from command line to 'None'
[0.146s] Level 5:colcon.colcon_core.verb:set package 'speech_to_text' build argument 'cmake_target_skip_unavailable' from command line to 'False'
[0.146s] Level 5:colcon.colcon_core.verb:set package 'speech_to_text' build argument 'cmake_clean_cache' from command line to 'False'
[0.146s] Level 5:colcon.colcon_core.verb:set package 'speech_to_text' build argument 'cmake_clean_first' from command line to 'False'
[0.146s] Level 5:colcon.colcon_core.verb:set package 'speech_to_text' build argument 'cmake_force_configure' from command line to 'False'
[0.146s] Level 5:colcon.colcon_core.verb:set package 'speech_to_text' build argument 'ament_cmake_args' from command line to 'None'
[0.146s] Level 5:colcon.colcon_core.verb:set package 'speech_to_text' build argument 'catkin_cmake_args' from command line to 'None'
[0.146s] Level 5:colcon.colcon_core.verb:set package 'speech_to_text' build argument 'catkin_skip_building_tests' from command line to 'False'
[0.146s] DEBUG:colcon.colcon_core.verb:Building package 'speech_to_text' with the following arguments: {'ament_cmake_args': None, 'build_base': '/workspaces/RosTryOut/build/speech_to_text', 'catkin_cmake_args': None, 'catkin_skip_building_tests': False, 'cmake_args': None, 'cmake_clean_cache': False, 'cmake_clean_first': False, 'cmake_force_configure': False, 'cmake_target': None, 'cmake_target_skip_unavailable': False, 'install_base': '/workspaces/RosTryOut/install/speech_to_text', 'merge_install': False, 'path': '/workspaces/RosTryOut/src/speech_to_text', 'symlink_install': False, 'test_result_base': None}
[0.146s] Level 5:colcon.colcon_core.verb:set package 'voice_command_node' build argument 'cmake_args' from command line to 'None'
[0.146s] Level 5:colcon.colcon_core.verb:set package 'voice_command_node' build argument 'cmake_target' from command line to 'None'
[0.146s] Level 5:colcon.colcon_core.verb:set package 'voice_command_node' build argument 'cmake_target_skip_unavailable' from command line to 'False'
[0.146s] Level 5:colcon.colcon_core.verb:set package 'voice_command_node' build argument 'cmake_clean_cache' from command line to 'False'
[0.146s] Level 5:colcon.colcon_core.verb:set package 'voice_command_node' build argument 'cmake_clean_first' from command line to 'False'
[0.147s] Level 5:colcon.colcon_core.verb:set package 'voice_command_node' build argument 'cmake_force_configure' from command line to 'False'
[0.147s] Level 5:colcon.colcon_core.verb:set package 'voice_command_node' build argument 'ament_cmake_args' from command line to 'None'
[0.147s] Level 5:colcon.colcon_core.verb:set package 'voice_command_node' build argument 'catkin_cmake_args' from command line to 'None'
[0.147s] Level 5:colcon.colcon_core.verb:set package 'voice_command_node' build argument 'catkin_skip_building_tests' from command line to 'False'
[0.147s] DEBUG:colcon.colcon_core.verb:Building package 'voice_command_node' with the following arguments: {'ament_cmake_args': None, 'build_base': '/workspaces/RosTryOut/build/voice_command_node', 'catkin_cmake_args': None, 'catkin_skip_building_tests': False, 'cmake_args': None, 'cmake_clean_cache': False, 'cmake_clean_first': False, 'cmake_force_configure': False, 'cmake_target': None, 'cmake_target_skip_unavailable': False, 'install_base': '/workspaces/RosTryOut/install/voice_command_node', 'merge_install': False, 'path': '/workspaces/RosTryOut/src/voice_command_node', 'symlink_install': False, 'test_result_base': None}
[0.147s] INFO:colcon.colcon_core.executor:Executing jobs using 'parallel' executor
[0.147s] DEBUG:colcon.colcon_parallel_executor.executor.parallel:run_until_complete
[0.147s] INFO:colcon.colcon_ros.task.catkin.build:Building ROS package in '/workspaces/RosTryOut/src/robot_description' with build type 'catkin'
[0.148s] INFO:colcon.colcon_cmake.task.cmake.build:Building CMake package in '/workspaces/RosTryOut/src/robot_description'
[0.148s] INFO:colcon.colcon_core.plugin_system:Skipping extension 'colcon_core.shell.bat': Not used on non-Windows systems
[0.149s] INFO:colcon.colcon_core.shell:Skip shell extension 'powershell' for command environment: Not usable outside of PowerShell
[0.149s] DEBUG:colcon.colcon_core.shell:Skip shell extension 'dsv' for command environment
[0.152s] INFO:colcon.colcon_ros.task.catkin.build:Building ROS package in '/workspaces/RosTryOut/src/speech_to_text' with build type 'catkin'
[0.152s] INFO:colcon.colcon_cmake.task.cmake.build:Building CMake package in '/workspaces/RosTryOut/src/speech_to_text'
[0.152s] INFO:colcon.colcon_core.shell:Skip shell extension 'powershell' for command environment: Not usable outside of PowerShell
[0.152s] DEBUG:colcon.colcon_core.shell:Skip shell extension 'dsv' for command environment
[0.155s] INFO:colcon.colcon_ros.task.catkin.build:Building ROS package in '/workspaces/RosTryOut/src/voice_command_node' with build type 'catkin'
[0.155s] INFO:colcon.colcon_cmake.task.cmake.build:Building CMake package in '/workspaces/RosTryOut/src/voice_command_node'
[0.155s] INFO:colcon.colcon_core.shell:Skip shell extension 'powershell' for command environment: Not usable outside of PowerShell
[0.155s] DEBUG:colcon.colcon_core.shell:Skip shell extension 'dsv' for command environment
[0.162s] DEBUG:colcon.colcon_core.event_handler.log_command:Invoking command in '/workspaces/RosTryOut/build/robot_description': /usr/bin/cmake --build /workspaces/RosTryOut/build/robot_description -- -j8 -l8
[0.167s] DEBUG:colcon.colcon_core.event_handler.log_command:Invoking command in '/workspaces/RosTryOut/build/speech_to_text': /usr/bin/cmake --build /workspaces/RosTryOut/build/speech_to_text -- -j8 -l8
[0.179s] DEBUG:colcon.colcon_core.event_handler.log_command:Invoking command in '/workspaces/RosTryOut/build/voice_command_node': /usr/bin/cmake --build /workspaces/RosTryOut/build/voice_command_node -- -j8 -l8
[0.196s] DEBUG:colcon.colcon_core.event_handler.log_command:Invoked command in '/workspaces/RosTryOut/build/robot_description' returned '0': /usr/bin/cmake --build /workspaces/RosTryOut/build/robot_description -- -j8 -l8
[0.203s] DEBUG:colcon.colcon_core.event_handler.log_command:Invoking command in '/workspaces/RosTryOut/build/robot_description': /usr/bin/cmake --install /workspaces/RosTryOut/build/robot_description
[0.203s] DEBUG:colcon.colcon_core.event_handler.log_command:Invoked command in '/workspaces/RosTryOut/build/speech_to_text' returned '0': /usr/bin/cmake --build /workspaces/RosTryOut/build/speech_to_text -- -j8 -l8
[0.206s] DEBUG:colcon.colcon_core.event_handler.log_command:Invoking command in '/workspaces/RosTryOut/build/speech_to_text': /usr/bin/cmake --install /workspaces/RosTryOut/build/speech_to_text
[0.207s] DEBUG:colcon.colcon_core.event_handler.log_command:Invoked command in '/workspaces/RosTryOut/build/voice_command_node' returned '0': /usr/bin/cmake --build /workspaces/RosTryOut/build/voice_command_node -- -j8 -l8
[0.213s] DEBUG:colcon.colcon_core.event_handler.log_command:Invoking command in '/workspaces/RosTryOut/build/voice_command_node': /usr/bin/cmake --install /workspaces/RosTryOut/build/voice_command_node
[0.213s] Level 1:colcon.colcon_core.shell:create_environment_hook('robot_description', 'ros_package_path')
[0.213s] INFO:colcon.colcon_core.shell:Creating environment hook '/workspaces/RosTryOut/install/robot_description/share/robot_description/hook/ros_package_path.ps1'
[0.215s] INFO:colcon.colcon_core.shell:Creating environment descriptor '/workspaces/RosTryOut/install/robot_description/share/robot_description/hook/ros_package_path.dsv'
[0.215s] INFO:colcon.colcon_core.shell:Creating environment hook '/workspaces/RosTryOut/install/robot_description/share/robot_description/hook/ros_package_path.sh'
[0.217s] Level 1:colcon.colcon_core.shell:create_environment_hook('robot_description', 'pkg_config_path')
[0.217s] INFO:colcon.colcon_core.shell:Creating environment hook '/workspaces/RosTryOut/install/robot_description/share/robot_description/hook/pkg_config_path.ps1'
[0.219s] INFO:colcon.colcon_core.shell:Creating environment descriptor '/workspaces/RosTryOut/install/robot_description/share/robot_description/hook/pkg_config_path.dsv'
[0.220s] DEBUG:colcon.colcon_core.event_handler.log_command:Invoked command in '/workspaces/RosTryOut/build/robot_description' returned '0': /usr/bin/cmake --install /workspaces/RosTryOut/build/robot_description
[0.220s] INFO:colcon.colcon_core.shell:Creating environment hook '/workspaces/RosTryOut/install/robot_description/share/robot_description/hook/pkg_config_path.sh'
[0.222s] Level 1:colcon.colcon_core.shell:create_environment_hook('robot_description', 'pkg_config_path_multiarch')
[0.223s] INFO:colcon.colcon_core.shell:Creating environment hook '/workspaces/RosTryOut/install/robot_description/share/robot_description/hook/pkg_config_path_multiarch.ps1'
[0.224s] INFO:colcon.colcon_core.shell:Creating environment descriptor '/workspaces/RosTryOut/install/robot_description/share/robot_description/hook/pkg_config_path_multiarch.dsv'
[0.225s] INFO:colcon.colcon_core.shell:Creating environment hook '/workspaces/RosTryOut/install/robot_description/share/robot_description/hook/pkg_config_path_multiarch.sh'
[0.227s] Level 1:colcon.colcon_core.environment:create_environment_scripts_only(robot_description)
[0.228s] Level 1:colcon.colcon_core.environment:checking '/workspaces/RosTryOut/install/robot_description' for CMake module files
[0.231s] Level 1:colcon.colcon_core.environment:checking '/workspaces/RosTryOut/install/robot_description' for CMake config files
[0.232s] Level 1:colcon.colcon_core.shell:create_environment_hook('robot_description', 'cmake_prefix_path')
[0.232s] INFO:colcon.colcon_core.shell:Creating environment hook '/workspaces/RosTryOut/install/robot_description/share/robot_description/hook/cmake_prefix_path.ps1'
[0.233s] INFO:colcon.colcon_core.shell:Creating environment descriptor '/workspaces/RosTryOut/install/robot_description/share/robot_description/hook/cmake_prefix_path.dsv'
[0.233s] INFO:colcon.colcon_core.shell:Creating environment hook '/workspaces/RosTryOut/install/robot_description/share/robot_description/hook/cmake_prefix_path.sh'
[0.234s] Level 1:colcon.colcon_core.environment:checking '/workspaces/RosTryOut/install/robot_description/bin'
[0.235s] Level 1:colcon.colcon_core.environment:checking '/workspaces/RosTryOut/install/robot_description/lib/pkgconfig/robot_description.pc'
[0.236s] Level 1:colcon.colcon_core.environment:checking '/workspaces/RosTryOut/install/robot_description/lib/python3.10/site-packages'
[0.236s] Level 1:colcon.colcon_core.environment:checking '/workspaces/RosTryOut/install/robot_description/bin'
[0.236s] INFO:colcon.colcon_core.shell:Creating package script '/workspaces/RosTryOut/install/robot_description/share/robot_description/package.ps1'
[0.237s] INFO:colcon.colcon_core.shell:Creating package descriptor '/workspaces/RosTryOut/install/robot_description/share/robot_description/package.dsv'
[0.237s] INFO:colcon.colcon_core.shell:Creating package script '/workspaces/RosTryOut/install/robot_description/share/robot_description/package.sh'
[0.238s] INFO:colcon.colcon_core.shell:Creating package script '/workspaces/RosTryOut/install/robot_description/share/robot_description/package.bash'
[0.239s] INFO:colcon.colcon_core.shell:Creating package script '/workspaces/RosTryOut/install/robot_description/share/robot_description/package.zsh'
[0.239s] Level 1:colcon.colcon_core.environment:create_file_with_runtime_dependencies(/workspaces/RosTryOut/install/robot_description/share/colcon-core/packages/robot_description)
[0.241s] Level 1:colcon.colcon_core.shell:create_environment_hook('voice_command_node', 'ros_package_path')
[0.241s] INFO:colcon.colcon_core.shell:Creating environment hook '/workspaces/RosTryOut/install/voice_command_node/share/voice_command_node/hook/ros_package_path.ps1'
[0.242s] DEBUG:colcon.colcon_core.event_handler.log_command:Invoked command in '/workspaces/RosTryOut/build/voice_command_node' returned '0': /usr/bin/cmake --install /workspaces/RosTryOut/build/voice_command_node
[0.242s] INFO:colcon.colcon_core.shell:Creating environment descriptor '/workspaces/RosTryOut/install/voice_command_node/share/voice_command_node/hook/ros_package_path.dsv'
[0.243s] INFO:colcon.colcon_core.shell:Creating environment hook '/workspaces/RosTryOut/install/voice_command_node/share/voice_command_node/hook/ros_package_path.sh'
[0.244s] Level 1:colcon.colcon_core.shell:create_environment_hook('voice_command_node', 'pkg_config_path')
[0.244s] INFO:colcon.colcon_core.shell:Creating environment hook '/workspaces/RosTryOut/install/voice_command_node/share/voice_command_node/hook/pkg_config_path.ps1'
[0.245s] INFO:colcon.colcon_core.shell:Creating environment descriptor '/workspaces/RosTryOut/install/voice_command_node/share/voice_command_node/hook/pkg_config_path.dsv'
[0.245s] INFO:colcon.colcon_core.shell:Creating environment hook '/workspaces/RosTryOut/install/voice_command_node/share/voice_command_node/hook/pkg_config_path.sh'
[0.246s] Level 1:colcon.colcon_core.shell:create_environment_hook('voice_command_node', 'pkg_config_path_multiarch')
[0.246s] INFO:colcon.colcon_core.shell:Creating environment hook '/workspaces/RosTryOut/install/voice_command_node/share/voice_command_node/hook/pkg_config_path_multiarch.ps1'
[0.247s] INFO:colcon.colcon_core.shell:Creating environment descriptor '/workspaces/RosTryOut/install/voice_command_node/share/voice_command_node/hook/pkg_config_path_multiarch.dsv'
[0.247s] INFO:colcon.colcon_core.shell:Creating environment hook '/workspaces/RosTryOut/install/voice_command_node/share/voice_command_node/hook/pkg_config_path_multiarch.sh'
[0.249s] Level 1:colcon.colcon_core.environment:create_environment_scripts_only(voice_command_node)
[0.249s] Level 1:colcon.colcon_core.environment:checking '/workspaces/RosTryOut/install/voice_command_node' for CMake module files
[0.250s] Level 1:colcon.colcon_core.environment:checking '/workspaces/RosTryOut/install/voice_command_node' for CMake config files
[0.251s] Level 1:colcon.colcon_core.shell:create_environment_hook('voice_command_node', 'cmake_prefix_path')
[0.251s] INFO:colcon.colcon_core.shell:Creating environment hook '/workspaces/RosTryOut/install/voice_command_node/share/voice_command_node/hook/cmake_prefix_path.ps1'
[0.251s] INFO:colcon.colcon_core.shell:Creating environment descriptor '/workspaces/RosTryOut/install/voice_command_node/share/voice_command_node/hook/cmake_prefix_path.dsv'
[0.252s] INFO:colcon.colcon_core.shell:Creating environment hook '/workspaces/RosTryOut/install/voice_command_node/share/voice_command_node/hook/cmake_prefix_path.sh'
[0.252s] Level 1:colcon.colcon_core.environment:checking '/workspaces/RosTryOut/install/voice_command_node/lib'
[0.253s] Level 1:colcon.colcon_core.environment:checking '/workspaces/RosTryOut/install/voice_command_node/bin'
[0.253s] Level 1:colcon.colcon_core.environment:checking '/workspaces/RosTryOut/install/voice_command_node/lib/pkgconfig/voice_command_node.pc'
[0.253s] Level 1:colcon.colcon_core.environment:checking '/workspaces/RosTryOut/install/voice_command_node/lib/python3.10/site-packages'
[0.253s] Level 1:colcon.colcon_core.environment:checking '/workspaces/RosTryOut/install/voice_command_node/bin'
[0.253s] INFO:colcon.colcon_core.shell:Creating package script '/workspaces/RosTryOut/install/voice_command_node/share/voice_command_node/package.ps1'
[0.254s] INFO:colcon.colcon_core.shell:Creating package descriptor '/workspaces/RosTryOut/install/voice_command_node/share/voice_command_node/package.dsv'
[0.254s] INFO:colcon.colcon_core.shell:Creating package script '/workspaces/RosTryOut/install/voice_command_node/share/voice_command_node/package.sh'
[0.254s] INFO:colcon.colcon_core.shell:Creating package script '/workspaces/RosTryOut/install/voice_command_node/share/voice_command_node/package.bash'
[0.255s] INFO:colcon.colcon_core.shell:Creating package script '/workspaces/RosTryOut/install/voice_command_node/share/voice_command_node/package.zsh'
[0.255s] Level 1:colcon.colcon_core.environment:create_file_with_runtime_dependencies(/workspaces/RosTryOut/install/voice_command_node/share/colcon-core/packages/voice_command_node)
[0.257s] Level 1:colcon.colcon_core.shell:create_environment_hook('speech_to_text', 'ros_package_path')
[0.257s] INFO:colcon.colcon_core.shell:Creating environment hook '/workspaces/RosTryOut/install/speech_to_text/share/speech_to_text/hook/ros_package_path.ps1'
[0.257s] DEBUG:colcon.colcon_core.event_handler.log_command:Invoked command in '/workspaces/RosTryOut/build/speech_to_text' returned '0': /usr/bin/cmake --install /workspaces/RosTryOut/build/speech_to_text
[0.257s] INFO:colcon.colcon_core.shell:Creating environment descriptor '/workspaces/RosTryOut/install/speech_to_text/share/speech_to_text/hook/ros_package_path.dsv'
[0.258s] INFO:colcon.colcon_core.shell:Creating environment hook '/workspaces/RosTryOut/install/speech_to_text/share/speech_to_text/hook/ros_package_path.sh'
[0.258s] Level 1:colcon.colcon_core.shell:create_environment_hook('speech_to_text', 'pkg_config_path')
[0.258s] INFO:colcon.colcon_core.shell:Creating environment hook '/workspaces/RosTryOut/install/speech_to_text/share/speech_to_text/hook/pkg_config_path.ps1'
[0.258s] INFO:colcon.colcon_core.shell:Creating environment descriptor '/workspaces/RosTryOut/install/speech_to_text/share/speech_to_text/hook/pkg_config_path.dsv'
[0.259s] INFO:colcon.colcon_core.shell:Creating environment hook '/workspaces/RosTryOut/install/speech_to_text/share/speech_to_text/hook/pkg_config_path.sh'
[0.259s] Level 1:colcon.colcon_core.shell:create_environment_hook('speech_to_text', 'pkg_config_path_multiarch')
[0.259s] INFO:colcon.colcon_core.shell:Creating environment hook '/workspaces/RosTryOut/install/speech_to_text/share/speech_to_text/hook/pkg_config_path_multiarch.ps1'
[0.259s] INFO:colcon.colcon_core.shell:Creating environment descriptor '/workspaces/RosTryOut/install/speech_to_text/share/speech_to_text/hook/pkg_config_path_multiarch.dsv'
[0.260s] INFO:colcon.colcon_core.shell:Creating environment hook '/workspaces/RosTryOut/install/speech_to_text/share/speech_to_text/hook/pkg_config_path_multiarch.sh'
[0.260s] Level 1:colcon.colcon_core.environment:create_environment_scripts_only(speech_to_text)
[0.260s] Level 1:colcon.colcon_core.environment:checking '/workspaces/RosTryOut/install/speech_to_text' for CMake module files
[0.261s] Level 1:colcon.colcon_core.environment:checking '/workspaces/RosTryOut/install/speech_to_text' for CMake config files
[0.262s] Level 1:colcon.colcon_core.shell:create_environment_hook('speech_to_text', 'cmake_prefix_path')
[0.262s] INFO:colcon.colcon_core.shell:Creating environment hook '/workspaces/RosTryOut/install/speech_to_text/share/speech_to_text/hook/cmake_prefix_path.ps1'
[0.263s] INFO:colcon.colcon_core.shell:Creating environment descriptor '/workspaces/RosTryOut/install/speech_to_text/share/speech_to_text/hook/cmake_prefix_path.dsv'
[0.263s] INFO:colcon.colcon_core.shell:Creating environment hook '/workspaces/RosTryOut/install/speech_to_text/share/speech_to_text/hook/cmake_prefix_path.sh'
[0.264s] Level 1:colcon.colcon_core.environment:checking '/workspaces/RosTryOut/install/speech_to_text/lib'
[0.265s] Level 1:colcon.colcon_core.environment:checking '/workspaces/RosTryOut/install/speech_to_text/bin'
[0.265s] Level 1:colcon.colcon_core.environment:checking '/workspaces/RosTryOut/install/speech_to_text/lib/pkgconfig/speech_to_text.pc'
[0.265s] Level 1:colcon.colcon_core.environment:checking '/workspaces/RosTryOut/install/speech_to_text/lib/python3.10/site-packages'
[0.265s] Level 1:colcon.colcon_core.environment:checking '/workspaces/RosTryOut/install/speech_to_text/bin'
[0.266s] INFO:colcon.colcon_core.shell:Creating package script '/workspaces/RosTryOut/install/speech_to_text/share/speech_to_text/package.ps1'
[0.266s] INFO:colcon.colcon_core.shell:Creating package descriptor '/workspaces/RosTryOut/install/speech_to_text/share/speech_to_text/package.dsv'
[0.266s] INFO:colcon.colcon_core.shell:Creating package script '/workspaces/RosTryOut/install/speech_to_text/share/speech_to_text/package.sh'
[0.267s] INFO:colcon.colcon_core.shell:Creating package script '/workspaces/RosTryOut/install/speech_to_text/share/speech_to_text/package.bash'
[0.267s] INFO:colcon.colcon_core.shell:Creating package script '/workspaces/RosTryOut/install/speech_to_text/share/speech_to_text/package.zsh'
[0.267s] Level 1:colcon.colcon_core.environment:create_file_with_runtime_dependencies(/workspaces/RosTryOut/install/speech_to_text/share/colcon-core/packages/speech_to_text)
[0.268s] DEBUG:colcon.colcon_parallel_executor.executor.parallel:closing loop
[0.268s] DEBUG:colcon.colcon_parallel_executor.executor.parallel:loop closed
[0.268s] DEBUG:colcon.colcon_parallel_executor.executor.parallel:run_until_complete finished with '0'
[0.268s] DEBUG:colcon.colcon_core.event_reactor:joining thread
[0.274s] INFO:colcon.colcon_core.plugin_system:Skipping extension 'colcon_notification.desktop_notification.notify_send': Could not find 'notify-send'
[0.274s] INFO:colcon.colcon_core.plugin_system:Skipping extension 'colcon_notification.desktop_notification.terminal_notifier': Not used on non-Darwin systems
[0.274s] INFO:colcon.colcon_core.plugin_system:Skipping extension 'colcon_notification.desktop_notification.win32': Not used on non-Windows systems
[0.274s] INFO:colcon.colcon_notification.desktop_notification:Sending desktop notification using 'notify2'
[0.275s] DEBUG:colcon.colcon_notification.desktop_notification.notify2:Failed to initialize notify2: org.freedesktop.DBus.Error.Spawn.ExecFailed: /usr/bin/dbus-launch terminated abnormally without any error message
[0.275s] DEBUG:colcon.colcon_core.event_reactor:joined thread
[0.275s] INFO:colcon.colcon_core.shell:Creating prefix script '/workspaces/RosTryOut/install/local_setup.ps1'
[0.277s] INFO:colcon.colcon_core.shell:Creating prefix util module '/workspaces/RosTryOut/install/_local_setup_util_ps1.py'
[0.277s] INFO:colcon.colcon_core.shell:Creating prefix chain script '/workspaces/RosTryOut/install/setup.ps1'
[0.279s] INFO:colcon.colcon_core.shell:Creating prefix script '/workspaces/RosTryOut/install/local_setup.sh'
[0.280s] INFO:colcon.colcon_core.shell:Creating prefix util module '/workspaces/RosTryOut/install/_local_setup_util_sh.py'
[0.280s] INFO:colcon.colcon_core.shell:Creating prefix chain script '/workspaces/RosTryOut/install/setup.sh'
[0.281s] INFO:colcon.colcon_core.shell:Creating prefix script '/workspaces/RosTryOut/install/local_setup.bash'
[0.282s] INFO:colcon.colcon_core.shell:Creating prefix chain script '/workspaces/RosTryOut/install/setup.bash'
[0.283s] INFO:colcon.colcon_core.shell:Creating prefix script '/workspaces/RosTryOut/install/local_setup.zsh'
[0.291s] INFO:colcon.colcon_core.shell:Creating prefix chain script '/workspaces/RosTryOut/install/setup.zsh'
