[0.018s] Invoking command in '/workspaces/RosTryOut/build/speech_to_text': /usr/bin/cmake /workspaces/RosTryOut/src/speech_to_text -DCATKIN_INSTALL_INTO_PREFIX_ROOT=0 -DCMAKE_INSTALL_PREFIX=/workspaces/RosTryOut/install/speech_to_text
[0.161s] -- The C compiler identification is GNU 11.4.0
[0.241s] -- The CXX compiler identification is GNU 11.4.0
[0.253s] -- Detecting C compiler ABI info
[0.335s] -- Detecting C compiler ABI info - done
[0.340s] -- Check for working C compiler: /usr/bin/cc - skipped
[0.341s] -- Detecting C compile features
[0.343s] -- Detecting C compile features - done
[0.346s] -- Detecting CXX compiler ABI info
[0.430s] -- Detecting CXX compiler ABI info - done
[0.444s] -- Check for working CXX compiler: /usr/bin/c++ - skipped
[0.445s] -- Detecting CXX compile features
[0.446s] -- Detecting CXX compile features - done
[0.471s] -- Found ament_cmake: 1.3.11 (/opt/ros/humble/share/ament_cmake/cmake)
[0.543s] -- Found Python3: /usr/bin/python3 (found version "3.10.12") found components: Interpreter 
[0.605s] -- Found rclpy: 3.3.16 (/opt/ros/humble/share/rclpy/cmake)
[0.606s] -- Found std_msgs: 4.8.0 (/opt/ros/humble/share/std_msgs/cmake)
[0.635s] -- Found rosidl_generator_c: 3.1.6 (/opt/ros/humble/share/rosidl_generator_c/cmake)
[0.639s] -- Found rosidl_adapter: 3.1.6 (/opt/ros/humble/share/rosidl_adapter/cmake)
[0.645s] -- Found rosidl_generator_cpp: 3.1.6 (/opt/ros/humble/share/rosidl_generator_cpp/cmake)
[0.656s] -- Using all available rosidl_typesupport_c: rosidl_typesupport_fastrtps_c;rosidl_typesupport_introspection_c
[0.668s] -- Using all available rosidl_typesupport_cpp: rosidl_typesupport_fastrtps_cpp;rosidl_typesupport_introspection_cpp
[0.770s] -- Configuring done
[0.814s] -- Generating done
[0.819s] [33mCMake Warning:
[0.819s]   Manually-specified variables were not used by the project:
[0.820s] 
[0.820s]     CATKIN_INSTALL_INTO_PREFIX_ROOT
[0.821s] 
[0.821s] [0m
[0.827s] -- Build files have been written to: /workspaces/RosTryOut/build/speech_to_text
[0.841s] Invoked command in '/workspaces/RosTryOut/build/speech_to_text' returned '0': /usr/bin/cmake /workspaces/RosTryOut/src/speech_to_text -DCATKIN_INSTALL_INTO_PREFIX_ROOT=0 -DCMAKE_INSTALL_PREFIX=/workspaces/RosTryOut/install/speech_to_text
[0.842s] Invoking command in '/workspaces/RosTryOut/build/speech_to_text': /usr/bin/cmake --build /workspaces/RosTryOut/build/speech_to_text -- -j8 -l8
[0.859s] Invoked command in '/workspaces/RosTryOut/build/speech_to_text' returned '0': /usr/bin/cmake --build /workspaces/RosTryOut/build/speech_to_text -- -j8 -l8
[0.861s] Invoking command in '/workspaces/RosTryOut/build/speech_to_text': /usr/bin/cmake --install /workspaces/RosTryOut/build/speech_to_text
[0.865s] -- Install configuration: ""
[0.866s] [31mCMake Error at cmake_install.cmake:46 (file):
[0.866s]   file INSTALL cannot find
[0.866s]   "/workspaces/RosTryOut/src/speech_to_text/scripts/whisper_node.py": No such
[0.867s]   file or directory.
[0.867s] 
[0.868s] [0m
[0.868s] Invoked command in '/workspaces/RosTryOut/build/speech_to_text' returned '1': /usr/bin/cmake --install /workspaces/RosTryOut/build/speech_to_text
