[0.023s] Invoking command in '/workspaces/RosTryOut/build/robot_simulation': /usr/bin/cmake --build /workspaces/RosTryOut/build/robot_simulation -- -j8 -l8
[0.077s] Invoked command in '/workspaces/RosTryOut/build/robot_simulation' returned '0': /usr/bin/cmake --build /workspaces/RosTryOut/build/robot_simulation -- -j8 -l8
[0.080s] Invoking command in '/workspaces/RosTryOut/build/robot_simulation': /usr/bin/cmake --install /workspaces/RosTryOut/build/robot_simulation
[0.099s] -- Install configuration: ""
[0.099s] -- Up-to-date: /workspaces/RosTryOut/install/robot_simulation/share/robot_simulation/launch
[0.100s] -- Up-to-date: /workspaces/RosTryOut/install/robot_simulation/share/robot_simulation/launch/sim_launch.py
[0.101s] -- Up-to-date: /workspaces/RosTryOut/install/robot_simulation/share/robot_simulation/worlds
[0.101s] -- Up-to-date: /workspaces/RosTryOut/install/robot_simulation/share/robot_simulation/worlds/empty.world
[0.103s] -- Up-to-date: /workspaces/RosTryOut/install/robot_simulation/share/ament_index/resource_index/package_run_dependencies/robot_simulation
[0.103s] -- Up-to-date: /workspaces/RosTryOut/install/robot_simulation/share/ament_index/resource_index/parent_prefix_path/robot_simulation
[0.104s] -- Up-to-date: /workspaces/RosTryOut/install/robot_simulation/share/robot_simulation/environment/ament_prefix_path.sh
[0.104s] -- Up-to-date: /workspaces/RosTryOut/install/robot_simulation/share/robot_simulation/environment/ament_prefix_path.dsv
[0.105s] -- Up-to-date: /workspaces/RosTryOut/install/robot_simulation/share/robot_simulation/environment/path.sh
[0.107s] -- Up-to-date: /workspaces/RosTryOut/install/robot_simulation/share/robot_simulation/environment/path.dsv
[0.107s] -- Up-to-date: /workspaces/RosTryOut/install/robot_simulation/share/robot_simulation/local_setup.bash
[0.108s] -- Up-to-date: /workspaces/RosTryOut/install/robot_simulation/share/robot_simulation/local_setup.sh
[0.109s] -- Up-to-date: /workspaces/RosTryOut/install/robot_simulation/share/robot_simulation/local_setup.zsh
[0.109s] -- Up-to-date: /workspaces/RosTryOut/install/robot_simulation/share/robot_simulation/local_setup.dsv
[0.109s] -- Installing: /workspaces/RosTryOut/install/robot_simulation/share/robot_simulation/package.dsv
[0.113s] -- Up-to-date: /workspaces/RosTryOut/install/robot_simulation/share/ament_index/resource_index/packages/robot_simulation
[0.114s] -- Up-to-date: /workspaces/RosTryOut/install/robot_simulation/share/robot_simulation/cmake/robot_simulationConfig.cmake
[0.114s] -- Up-to-date: /workspaces/RosTryOut/install/robot_simulation/share/robot_simulation/cmake/robot_simulationConfig-version.cmake
[0.115s] -- Up-to-date: /workspaces/RosTryOut/install/robot_simulation/share/robot_simulation/package.xml
[0.122s] Invoked command in '/workspaces/RosTryOut/build/robot_simulation' returned '0': /usr/bin/cmake --install /workspaces/RosTryOut/build/robot_simulation
